2022-02-28 10:21:51.941[info] DB connection success
2022-02-28 10:21:51.994[info] Sequelize sync success
2022-02-28 10:38:38.865[info] DB connection success
2022-02-28 10:38:38.944[info] Sequelize sync success
2022-02-28 10:50:06.299[info] DB connection success
2022-02-28 10:50:06.346[info] Sequelize sync success
2022-02-28 10:50:11.919[info] DB connection success
2022-02-28 10:50:11.960[info] Sequelize sync success
2022-02-28 10:50:14.407[info] DB connection success
2022-02-28 10:50:14.454[info] Sequelize sync success
2022-02-28 10:50:16.128[info] DB connection success
2022-02-28 10:50:16.179[info] Sequelize sync success
2022-02-28 10:50:23.729[info] DB connection success
2022-02-28 10:50:23.772[info] Sequelize sync success
2022-02-28 10:50:29.104[info] DB connection success
2022-02-28 10:50:29.143[info] Sequelize sync success
2022-02-28 10:50:43.797[info] DB connection success
2022-02-28 10:50:43.837[info] Sequelize sync success
2022-02-28 10:50:46.851[info] DB connection success
2022-02-28 10:50:46.889[info] Sequelize sync success
2022-02-28 10:50:48.795[info] DB connection success
2022-02-28 10:50:48.834[info] Sequelize sync success
2022-02-28 10:50:55.326[info] DB connection success
2022-02-28 10:50:55.369[info] Sequelize sync success
2022-02-28 10:50:58.911[info] DB connection success
2022-02-28 10:50:58.956[info] Sequelize sync success
2022-02-28 10:51:03.930[info] DB connection success
2022-02-28 10:51:03.968[info] Sequelize sync success
2022-02-28 10:51:09.038[info] DB connection success
2022-02-28 10:51:09.083[info] Sequelize sync success
2022-02-28 10:51:10.465[info] DB connection success
2022-02-28 10:51:10.505[info] Sequelize sync success
2022-02-28 10:58:09.142[info] DB connection success
2022-02-28 10:58:09.183[info] Sequelize sync success
2022-02-28 10:58:13.127[info] DB connection success
2022-02-28 10:58:13.167[info] Sequelize sync success
2022-02-28 10:58:18.406[info] DB connection success
2022-02-28 10:58:18.464[info] Sequelize sync success
2022-02-28 10:58:49.747[info] DB connection success
2022-02-28 10:58:49.786[info] Sequelize sync success
2022-02-28 10:59:49.640[info] DB connection success
2022-02-28 10:59:49.679[info] Sequelize sync success
2022-02-28 11:08:41.341[info] DB connection success
2022-02-28 11:08:41.389[info] Sequelize sync success
2022-02-28 11:10:37.367[info] DB connection success
2022-02-28 11:10:37.409[info] Sequelize sync success
2022-02-28 11:11:07.374[info] DB connection success
2022-02-28 11:11:07.417[info] Sequelize sync success
2022-02-28 11:23:25.093[info] DB connection success
2022-02-28 11:23:25.137[info] Sequelize sync success
2022-02-28 11:26:49.553[info] DB connection success
2022-02-28 11:26:49.597[info] Sequelize sync success
2022-02-28 11:27:01.780[info] DB connection success
2022-02-28 11:27:01.866[info] Sequelize sync success
2022-02-28 11:27:43.184[info] DB connection success
2022-02-28 11:27:43.230[info] Sequelize sync success
2022-02-28 11:30:54.145[info] DB connection success
2022-02-28 11:30:54.190[info] Sequelize sync success
2022-02-28 11:31:22.701[info] (productimagefile.info.params) {"id":"show"}
2022-02-28 11:31:22.784[error] (productimagefileService.info) SequelizeDatabaseError: integer 자료형 대한 잘못된 입력: "show"
2022-02-28 11:32:07.757[info] DB connection success
2022-02-28 11:32:07.797[info] Sequelize sync success
2022-02-28 11:32:58.548[info] DB connection success
2022-02-28 11:32:58.600[info] Sequelize sync success
2022-02-28 11:33:31.194[info] DB connection success
2022-02-28 11:33:31.233[info] Sequelize sync success
2022-02-28 11:34:00.197[info] DB connection success
2022-02-28 11:34:00.238[info] Sequelize sync success
2022-02-28 11:34:07.816[info] DB connection success
2022-02-28 11:34:07.854[info] Sequelize sync success
2022-02-28 12:55:15.191[info] DB connection success
2022-02-28 12:55:15.237[info] Sequelize sync success
2022-02-28 12:55:44.683[info] DB connection success
2022-02-28 12:55:44.730[info] Sequelize sync success
2022-02-28 12:57:49.484[info] DB connection success
2022-02-28 12:57:49.534[info] Sequelize sync success
2022-02-28 12:58:27.642[info] DB connection success
2022-02-28 12:58:27.689[info] Sequelize sync success
2022-02-28 12:59:36.283[info] (productimagefile.info.params) {"id":"create"}
2022-02-28 12:59:36.540[error] (productimagefileService.info) SequelizeDatabaseError: "originalname" 이름의 칼럼은 없습니다
2022-02-28 13:01:55.048[info] (productimagefile.info.params) {"id":"create"}
2022-02-28 13:01:55.116[error] (productimagefileService.info) SequelizeDatabaseError: "originalname" 이름의 칼럼은 없습니다
2022-02-28 13:02:17.942[info] DB connection success
2022-02-28 13:02:17.989[info] Sequelize sync success
2022-02-28 13:02:22.262[info] DB connection success
2022-02-28 13:02:22.304[info] Sequelize sync success
2022-02-28 13:02:28.990[info] (productimagefile.info.params) {"id":"show"}
2022-02-28 13:02:28.999[error] (productimagefileService.info) SequelizeDatabaseError: "originalname" 이름의 칼럼은 없습니다
2022-02-28 13:02:54.636[info] DB connection success
2022-02-28 13:02:54.684[info] Sequelize sync success
2022-02-28 13:03:03.214[info] DB connection success
2022-02-28 13:03:03.258[info] Sequelize sync success
2022-02-28 13:03:09.467[info] DB connection success
2022-02-28 13:03:09.511[info] Sequelize sync success
2022-02-28 13:05:46.727[info] DB connection success
2022-02-28 13:05:46.790[info] Sequelize sync success
2022-02-28 13:06:34.724[info] (originalname.info.params) {"id":"create"}
2022-02-28 13:06:34.845[error] (productimagefileService.info) SequelizeDatabaseError: integer 자료형 대한 잘못된 입력: "create"
2022-02-28 13:09:00.319[info] DB connection success
2022-02-28 13:09:00.360[info] Sequelize sync success
2022-02-28 13:09:17.405[info] DB connection success
2022-02-28 13:09:17.451[info] Sequelize sync success
2022-02-28 13:11:50.471[info] DB connection success
2022-02-28 13:11:50.532[info] Sequelize sync success
2022-02-28 13:14:46.941[info] DB connection success
2022-02-28 13:14:46.994[info] Sequelize sync success
2022-02-28 13:16:29.284[info] (productimagefile.reg.params) {"originalname":"64c6efc792ed0a227eb44d5b6f798ba3.jpg","mimetype":"image/jpeg","path":"upload\\64c6efc792ed0a227eb44d5b6f798ba3-1646021789278.jpg","size":56813}
2022-02-28 13:16:29.291[error] (productimagefileService.reg) SequelizeValidationError: notNull Violation: ProductImageFile.createDate cannot be null,
notNull Violation: ProductImageFile.deleteCheck cannot be null
2022-02-28 13:18:00.100[info] DB connection success
2022-02-28 13:18:00.165[info] Sequelize sync success
2022-02-28 13:18:12.842[info] DB connection success
2022-02-28 13:18:12.900[info] Sequelize sync success
2022-02-28 13:18:17.281[info] DB connection success
2022-02-28 13:18:17.333[info] Sequelize sync success
2022-02-28 13:18:19.716[info] (productimagefile.reg.params) {"originalname":"64c6efc792ed0a227eb44d5b6f798ba3.jpg","mimetype":"image/jpeg","path":"upload\\64c6efc792ed0a227eb44d5b6f798ba3-1646021899710.jpg","size":56813}
2022-02-28 13:18:19.724[error] (productimagefileService.reg) SequelizeValidationError: notNull Violation: ProductImageFile.createDate cannot be null,
notNull Violation: ProductImageFile.deleteCheck cannot be null
2022-02-28 13:19:53.789[info] DB connection success
2022-02-28 13:19:53.839[info] Sequelize sync success
2022-02-28 13:20:58.184[info] DB connection success
2022-02-28 13:20:58.236[info] Sequelize sync success
2022-02-28 13:21:06.695[info] DB connection success
2022-02-28 13:21:06.741[info] Sequelize sync success
2022-02-28 13:21:10.843[info] (productimagefile.reg.params) {"originalname":"64c6efc792ed0a227eb44d5b6f798ba3.jpg","mimetype":"image/jpeg","path":"upload\\64c6efc792ed0a227eb44d5b6f798ba3-1646022070837.jpg","size":56813}
2022-02-28 13:21:10.860[error] (productimagefileService.reg) SequelizeDatabaseError: "create_date" 칼럼(해당 릴레이션 "product_image_files")의 null 값이 not null 제약조건을 위반했습니다.
2022-02-28 13:21:38.067[info] DB connection success
2022-02-28 13:21:38.129[info] Sequelize sync success
2022-02-28 13:21:49.362[info] (productimagefile.reg.params) {"originalname":"64c6efc792ed0a227eb44d5b6f798ba3.jpg","mimetype":"image/jpeg","path":"upload\\64c6efc792ed0a227eb44d5b6f798ba3-1646022109356.jpg","size":56813}
2022-02-28 13:21:49.479[debug] (productimagefileService.reg) {"id":1,"originalname":"64c6efc792ed0a227eb44d5b6f798ba3.jpg","mimetype":"image/jpeg","path":"upload\\64c6efc792ed0a227eb44d5b6f798ba3-1646022109356.jpg","size":56813,"updatedAt":"2022-02-28T04:21:49.367Z","createdAt":"2022-02-28T04:21:49.367Z","createDate":null,"deleteCheck":null,"deletedAt":null}
2022-02-28 13:21:49.481[info] (productimagefile.reg.result) {"id":1,"originalname":"64c6efc792ed0a227eb44d5b6f798ba3.jpg","mimetype":"image/jpeg","path":"upload\\64c6efc792ed0a227eb44d5b6f798ba3-1646022109356.jpg","size":56813,"updatedAt":"2022-02-28T04:21:49.367Z","createdAt":"2022-02-28T04:21:49.367Z","createDate":null,"deleteCheck":null,"deletedAt":null}
2022-02-28 13:23:36.318[info] (productimagefile.reg.params) {"originalname":"1.png","mimetype":"image/png","path":"upload\\1-1646022216297.png","size":1770347}
2022-02-28 13:23:36.397[debug] (productimagefileService.reg) {"id":2,"originalname":"1.png","mimetype":"image/png","path":"upload\\1-1646022216297.png","size":1770347,"updatedAt":"2022-02-28T04:23:36.320Z","createdAt":"2022-02-28T04:23:36.320Z","createDate":null,"deleteCheck":null,"deletedAt":null}
2022-02-28 13:23:36.400[info] (productimagefile.reg.result) {"id":2,"originalname":"1.png","mimetype":"image/png","path":"upload\\1-1646022216297.png","size":1770347,"updatedAt":"2022-02-28T04:23:36.320Z","createdAt":"2022-02-28T04:23:36.320Z","createDate":null,"deleteCheck":null,"deletedAt":null}
2022-02-28 13:24:44.794[info] (productimagefile.reg.params) {"originalname":"64c6efc792ed0a227eb44d5b6f798ba3.jpg","mimetype":"image/jpeg","path":"upload\\64c6efc792ed0a227eb44d5b6f798ba3-1646022284791.jpg","size":56813}
2022-02-28 13:24:44.904[error] (productimagefileService.reg) SequelizeUniqueConstraintError: 중복된 키 값이 "product_image_files_originalname_key" 고유 제약 조건을 위반함
2022-02-28 13:24:54.081[info] (productimagefile.reg.params) {"originalname":"5008f2ce3923444e17e21f90a908f945.jpg","mimetype":"image/jpeg","path":"upload\\5008f2ce3923444e17e21f90a908f945-1646022294079.jpg","size":101269}
2022-02-28 13:24:54.093[debug] (productimagefileService.reg) {"id":4,"originalname":"5008f2ce3923444e17e21f90a908f945.jpg","mimetype":"image/jpeg","path":"upload\\5008f2ce3923444e17e21f90a908f945-1646022294079.jpg","size":101269,"updatedAt":"2022-02-28T04:24:54.085Z","createdAt":"2022-02-28T04:24:54.085Z","createDate":null,"deleteCheck":null,"deletedAt":null}
2022-02-28 13:24:54.095[info] (productimagefile.reg.result) {"id":4,"originalname":"5008f2ce3923444e17e21f90a908f945.jpg","mimetype":"image/jpeg","path":"upload\\5008f2ce3923444e17e21f90a908f945-1646022294079.jpg","size":101269,"updatedAt":"2022-02-28T04:24:54.085Z","createdAt":"2022-02-28T04:24:54.085Z","createDate":null,"deleteCheck":null,"deletedAt":null}
