2022-02-24 08:47:20.434[info] DB connection success
2022-02-24 08:47:20.505[info] Sequelize sync success
2022-02-24 08:49:45.413[info] DB connection success
2022-02-24 08:49:45.463[info] Sequelize sync success
2022-02-24 08:52:40.448[info] DB connection success
2022-02-24 08:52:40.501[info] Sequelize sync success
2022-02-24 08:52:56.195[info] DB connection success
2022-02-24 08:52:56.236[info] Sequelize sync success
2022-02-24 08:54:09.964[info] DB connection success
2022-02-24 08:54:10.007[info] Sequelize sync success
2022-02-24 08:54:18.996[info] DB connection success
2022-02-24 08:54:19.038[info] Sequelize sync success
2022-02-24 08:54:25.164[info] DB connection success
2022-02-24 08:54:25.212[info] Sequelize sync success
2022-02-24 08:56:47.117[info] DB connection success
2022-02-24 08:56:47.163[info] Sequelize sync success
2022-02-24 08:57:18.307[info] DB connection success
2022-02-24 08:57:18.354[info] Sequelize sync success
2022-02-24 08:57:32.532[info] DB connection success
2022-02-24 08:57:32.580[info] Sequelize sync success
2022-02-24 08:58:11.587[info] DB connection success
2022-02-24 08:58:11.631[info] Sequelize sync success
2022-02-24 08:58:19.783[info] DB connection success
2022-02-24 08:58:19.826[info] Sequelize sync success
2022-02-24 08:59:00.154[info] DB connection success
2022-02-24 08:59:00.203[info] Sequelize sync success
2022-02-24 08:59:12.884[info] DB connection success
2022-02-24 08:59:12.934[info] Sequelize sync success
2022-02-24 08:59:44.837[info] DB connection success
2022-02-24 08:59:44.885[info] Sequelize sync success
2022-02-24 09:00:03.277[info] DB connection success
2022-02-24 09:00:03.326[info] Sequelize sync success
2022-02-24 09:00:05.529[info] DB connection success
2022-02-24 09:00:05.569[info] Sequelize sync success
2022-02-24 09:00:16.087[info] DB connection success
2022-02-24 09:00:16.125[info] Sequelize sync success
2022-02-24 09:01:11.883[info] DB connection success
2022-02-24 09:01:11.929[info] Sequelize sync success
2022-02-24 09:02:06.441[info] DB connection success
2022-02-24 09:02:06.485[info] Sequelize sync success
2022-02-24 09:02:23.539[info] DB connection success
2022-02-24 09:02:23.585[info] Sequelize sync success
2022-02-24 09:02:34.510[info] DB connection success
2022-02-24 09:02:34.558[info] Sequelize sync success
2022-02-24 09:03:01.587[info] DB connection success
2022-02-24 09:03:01.630[info] Sequelize sync success
2022-02-24 09:03:10.550[info] DB connection success
2022-02-24 09:03:10.594[info] Sequelize sync success
2022-02-24 09:03:24.630[info] DB connection success
2022-02-24 09:03:24.672[info] Sequelize sync success
2022-02-24 09:03:45.362[info] DB connection success
2022-02-24 09:03:45.401[info] Sequelize sync success
2022-02-24 09:03:54.534[info] DB connection success
2022-02-24 09:03:54.576[info] Sequelize sync success
2022-02-24 09:06:34.450[info] DB connection success
2022-02-24 09:06:34.505[info] Sequelize sync success
2022-02-24 09:08:26.648[info] (cart.reg.params) {"cartNumber":"001","productNumber":"1","cartValue":"shrit001","productCount":"50"}
2022-02-24 09:08:26.651[error] Error: Not allowed null (name)
2022-02-24 09:08:26.742[debug] (cartService.reg) {"cartNumber":1,"productNumber":1,"cartValue":"shrit001","productCount":50,"updatedAt":"2022-02-24T00:08:26.656Z","createdAt":"2022-02-24T00:08:26.656Z","deletedAt":null,"ProductProductNumber":null}
2022-02-24 09:08:26.744[info] (cart.reg.result) {"cartNumber":1,"productNumber":1,"cartValue":"shrit001","productCount":50,"updatedAt":"2022-02-24T00:08:26.656Z","createdAt":"2022-02-24T00:08:26.656Z","deletedAt":null,"ProductProductNumber":null}
2022-02-24 09:08:52.936[info] DB connection success
2022-02-24 09:08:52.987[info] Sequelize sync success
2022-02-24 09:09:06.693[info] DB connection success
2022-02-24 09:09:06.734[info] Sequelize sync success
2022-02-24 09:09:17.691[info] (cart.reg.params) {"cartNumber":"001","productNumber":"1","cartValue":"shrit001","productCount":"50"}
2022-02-24 09:09:17.778[error] (cartService.reg) SequelizeUniqueConstraintError: 중복된 키 값이 "carts_pkey" 고유 제약 조건을 위반함
2022-02-24 09:09:30.385[info] (cart.reg.params) {"cartNumber":"001","productNumber":"001","cartValue":"shrit001","productCount":"50"}
2022-02-24 09:09:30.451[error] (cartService.reg) SequelizeUniqueConstraintError: 중복된 키 값이 "carts_pkey" 고유 제약 조건을 위반함
2022-02-24 09:10:10.824[info] (cart.reg.params) {"cartNumber":"001","productNumber":"001","cartValue":"shrit001","productCount":"50"}
2022-02-24 09:10:10.901[error] (cartService.reg) SequelizeUniqueConstraintError: 중복된 키 값이 "carts_pkey" 고유 제약 조건을 위반함
2022-02-24 09:10:16.596[info] (cart.reg.params) {"cartNumber":"001","productNumber":"002","cartValue":"shrit001","productCount":"50"}
2022-02-24 09:10:16.602[error] (cartService.reg) SequelizeUniqueConstraintError: 중복된 키 값이 "carts_pkey" 고유 제약 조건을 위반함
2022-02-24 09:10:22.967[info] (product.list.params) {}
2022-02-24 09:10:22.994[error] (productService.list) SequelizeDatabaseError: Product.id 칼럼 없음
2022-02-24 09:10:25.563[info] (product.info.params) {"id":"1"}
2022-02-24 09:10:25.565[debug] (productService.info) null
2022-02-24 09:10:25.566[info] (product.info.result) null
2022-02-24 09:10:28.691[info] (product.info.params) {"id":"2"}
2022-02-24 09:10:28.694[debug] (productService.info) null
2022-02-24 09:10:28.695[info] (product.info.result) null
2022-02-24 09:10:31.285[info] (product.info.params) {"id":"3"}
2022-02-24 09:10:31.286[debug] (productService.info) null
2022-02-24 09:10:31.287[info] (product.info.result) null
2022-02-24 09:10:50.724[info] (product.info.params) {"id":"1"}
2022-02-24 09:10:50.725[debug] (productService.info) null
2022-02-24 09:10:50.726[info] (product.info.result) null
2022-02-24 09:10:54.495[info] (product.reg.params) {"productNumber":"001","categoryCode":"short_shrit","productName":"shrit002","productPrice":"5000","productStock":"30","productDesc":"dev","productDate":"2020-02-03","productHits":"100"}
2022-02-24 09:10:54.583[error] (productService.reg) SequelizeUniqueConstraintError: 중복된 키 값이 "products_pkey" 고유 제약 조건을 위반함
2022-02-24 09:12:51.457[info] (cart.info.params) {}
2022-02-24 09:12:51.459[debug] (cartService.info) null
2022-02-24 09:12:51.459[info] (cart.info.result) null
2022-02-24 09:12:53.441[info] (cart.list.params) {}
2022-02-24 09:12:53.547[error] (cartService.list) SequelizeDatabaseError: Cart.id 칼럼 없음
2022-02-24 09:12:57.352[info] (cart.info.params) {}
2022-02-24 09:12:57.354[debug] (cartService.info) null
2022-02-24 09:12:57.354[info] (cart.info.result) null
2022-02-24 09:13:14.692[info] (cart.info.params) {}
2022-02-24 09:13:14.693[debug] (cartService.info) null
2022-02-24 09:13:14.693[info] (cart.info.result) null
2022-02-24 09:13:28.786[info] (cart.info.params) {}
2022-02-24 09:13:28.787[debug] (cartService.info) null
2022-02-24 09:13:28.788[info] (cart.info.result) null
2022-02-24 09:13:58.487[info] (cart.list.params) {}
2022-02-24 09:13:58.578[error] (cartService.list) SequelizeDatabaseError: Cart.id 칼럼 없음
2022-02-24 09:14:02.304[info] (cart.list.params) {}
2022-02-24 09:14:02.309[error] (cartService.list) SequelizeDatabaseError: Cart.id 칼럼 없음
2022-02-24 09:14:09.884[info] DB connection success
2022-02-24 09:14:09.929[info] Sequelize sync success
2022-02-24 09:14:12.906[info] (cart.list.params) {}
2022-02-24 09:14:12.920[error] (cartService.list) SequelizeDatabaseError: Cart.id 칼럼 없음
2022-02-24 09:14:23.343[info] (cart.list.params) {}
2022-02-24 09:14:23.460[error] (cartService.list) SequelizeDatabaseError: Cart.id 칼럼 없음
2022-02-24 09:14:34.506[info] (cart.reg.params) {"cartNumber":"002","productNumber":"002","cartValue":"shrit002","productCount":"50"}
2022-02-24 09:14:34.580[debug] (cartService.reg) {"cartNumber":2,"productNumber":2,"cartValue":"shrit002","productCount":50,"updatedAt":"2022-02-24T00:14:34.510Z","createdAt":"2022-02-24T00:14:34.510Z","deletedAt":null,"ProductProductNumber":null}
2022-02-24 09:14:34.582[info] (cart.reg.result) {"cartNumber":2,"productNumber":2,"cartValue":"shrit002","productCount":50,"updatedAt":"2022-02-24T00:14:34.510Z","createdAt":"2022-02-24T00:14:34.510Z","deletedAt":null,"ProductProductNumber":null}
2022-02-24 09:14:39.998[info] (cart.info.params) {}
2022-02-24 09:14:40.000[debug] (cartService.info) null
2022-02-24 09:14:40.002[info] (cart.info.result) null
2022-02-24 09:14:50.510[info] (cart.list.params) {}
2022-02-24 09:14:50.697[error] (cartService.list) SequelizeDatabaseError: Cart.id 칼럼 없음
2022-02-24 09:14:52.970[info] (cart.list.params) {}
2022-02-24 09:14:52.976[error] (cartService.list) SequelizeDatabaseError: Cart.id 칼럼 없음
2022-02-24 09:15:12.916[info] (cart.list.params) {}
2022-02-24 09:15:12.989[error] (cartService.list) SequelizeDatabaseError: Cart.id 칼럼 없음
2022-02-24 09:15:33.211[info] DB connection success
2022-02-24 09:15:33.262[info] Sequelize sync success
2022-02-24 09:15:35.733[info] DB connection success
2022-02-24 09:15:35.787[info] Sequelize sync success
2022-02-24 09:15:39.181[info] DB connection success
2022-02-24 09:15:39.273[info] Sequelize sync success
2022-02-24 09:15:40.718[info] (cart.list.params) {}
2022-02-24 09:15:40.732[error] (cartService.list) SequelizeDatabaseError: Cart.id 칼럼 없음
2022-02-24 09:15:42.301[info] (cart.info.params) {"cartNumber":"1"}
2022-02-24 09:15:42.305[debug] (cartService.info) null
2022-02-24 09:15:42.308[info] (cart.info.result) null
2022-02-24 09:16:26.698[info] (product.info.params) {"id":"1"}
2022-02-24 09:16:26.702[debug] (productService.info) null
2022-02-24 09:16:26.705[info] (product.info.result) null
2022-02-24 09:16:27.612[info] (product.info.params) {"id":"1"}
2022-02-24 09:16:27.614[debug] (productService.info) null
2022-02-24 09:16:27.616[info] (product.info.result) null
2022-02-24 09:16:29.671[info] (product.info.params) {"id":"2"}
2022-02-24 09:16:29.673[debug] (productService.info) null
2022-02-24 09:16:29.674[info] (product.info.result) null
2022-02-24 09:16:31.737[info] (product.info.params) {"id":"3"}
2022-02-24 09:16:31.738[debug] (productService.info) null
2022-02-24 09:16:31.739[info] (product.info.result) null
2022-02-24 09:16:32.330[info] (product.info.params) {"id":"3"}
2022-02-24 09:16:32.331[debug] (productService.info) null
2022-02-24 09:16:32.332[info] (product.info.result) null
2022-02-24 09:16:32.683[info] (product.info.params) {"id":"3"}
2022-02-24 09:16:32.686[debug] (productService.info) null
2022-02-24 09:16:32.688[info] (product.info.result) null
2022-02-24 09:16:35.064[info] (product.info.params) {"id":"1"}
2022-02-24 09:16:35.065[debug] (productService.info) null
2022-02-24 09:16:35.067[info] (product.info.result) null
2022-02-24 09:16:40.265[info] (product.info.params) {"id":"1"}
2022-02-24 09:16:40.266[debug] (productService.info) null
2022-02-24 09:16:40.267[info] (product.info.result) null
2022-02-24 09:16:45.295[info] (product.info.params) {"id":"1"}
2022-02-24 09:16:45.296[debug] (productService.info) null
2022-02-24 09:16:45.297[info] (product.info.result) null
2022-02-24 09:16:46.052[info] (product.info.params) {"id":"1"}
2022-02-24 09:16:46.053[debug] (productService.info) null
2022-02-24 09:16:46.054[info] (product.info.result) null
2022-02-24 09:16:49.079[info] (cart.list.params) {}
2022-02-24 09:16:49.237[error] (cartService.list) SequelizeDatabaseError: Cart.id 칼럼 없음
2022-02-24 09:17:25.171[info] (cart.info.params) {"cartNumber":"002"}
2022-02-24 09:17:25.172[debug] (cartService.info) null
2022-02-24 09:17:25.174[info] (cart.info.result) null
2022-02-24 09:17:27.625[info] (cart.info.params) {"cartNumber":"001"}
2022-02-24 09:17:27.626[debug] (cartService.info) null
2022-02-24 09:17:27.627[info] (cart.info.result) null
2022-02-24 09:17:30.937[info] (cart.info.params) {"cartNumber":"1"}
2022-02-24 09:17:30.939[debug] (cartService.info) null
2022-02-24 09:17:30.940[info] (cart.info.result) null
2022-02-24 09:17:48.461[info] (product.info.params) {"id":"1"}
2022-02-24 09:17:48.463[debug] (productService.info) null
2022-02-24 09:17:48.464[info] (product.info.result) null
2022-02-24 09:18:05.451[info] DB connection success
2022-02-24 09:18:05.500[info] Sequelize sync success
2022-02-24 09:18:09.765[info] DB connection success
2022-02-24 09:18:09.817[info] Sequelize sync success
2022-02-24 09:18:16.996[info] DB connection success
2022-02-24 09:18:17.040[info] Sequelize sync success
2022-02-24 09:18:23.889[info] DB connection success
2022-02-24 09:18:23.940[info] Sequelize sync success
2022-02-24 09:18:30.953[info] DB connection success
2022-02-24 09:18:31.000[info] Sequelize sync success
2022-02-24 09:18:38.738[info] DB connection success
2022-02-24 09:18:38.782[info] Sequelize sync success
2022-02-24 09:18:40.451[info] (product.info.params) {"productNumber":"1"}
2022-02-24 09:18:40.463[debug] (productService.info) {"productNumber":1,"categoryCode":"short_shrit","productName":"shrit002","productPrice":5000,"productStock":30,"productDesc":"dev","productDate":"2020-02-03T00:00:00.000Z","productHits":100,"createdAt":"2022-02-23T04:28:00.782Z","updatedAt":"2022-02-23T04:28:00.782Z","deletedAt":null,"ProductCategoryCategoryCode":null}
2022-02-24 09:18:40.465[info] (product.info.result) {"productNumber":1,"categoryCode":"short_shrit","productName":"shrit002","productPrice":5000,"productStock":30,"productDesc":"dev","productDate":"2020-02-03T00:00:00.000Z","productHits":100,"createdAt":"2022-02-23T04:28:00.782Z","updatedAt":"2022-02-23T04:28:00.782Z","deletedAt":null,"ProductCategoryCategoryCode":null}
2022-02-24 09:18:47.127[info] (cart.info.params) {"cartNumber":"1"}
2022-02-24 09:18:47.129[debug] (cartService.info) null
2022-02-24 09:18:47.131[info] (cart.info.result) null
2022-02-24 09:19:07.726[info] DB connection success
2022-02-24 09:19:07.774[info] Sequelize sync success
2022-02-24 09:19:13.781[info] DB connection success
2022-02-24 09:19:13.823[info] Sequelize sync success
2022-02-24 09:19:18.337[info] DB connection success
2022-02-24 09:19:18.387[info] Sequelize sync success
2022-02-24 09:19:21.579[info] (cart.info.params) {}
2022-02-24 09:19:21.581[debug] (cartService.info) null
2022-02-24 09:19:21.583[info] (cart.info.result) null
2022-02-24 09:19:40.555[info] DB connection success
2022-02-24 09:19:40.603[info] Sequelize sync success
2022-02-24 09:19:51.701[info] (cart.info.params) {}
2022-02-24 09:19:51.703[debug] (cartService.info) null
2022-02-24 09:19:51.704[info] (cart.info.result) null
2022-02-24 09:19:54.174[info] (cart.info.params) {}
2022-02-24 09:19:54.177[debug] (cartService.info) null
2022-02-24 09:19:54.179[info] (cart.info.result) null
2022-02-24 09:19:59.726[info] (cart.info.params) {}
2022-02-24 09:19:59.727[debug] (cartService.info) null
2022-02-24 09:19:59.729[info] (cart.info.result) null
2022-02-24 09:20:02.510[info] (cart.info.params) {}
2022-02-24 09:20:02.511[debug] (cartService.info) null
2022-02-24 09:20:02.513[info] (cart.info.result) null
2022-02-24 09:20:31.339[info] DB connection success
2022-02-24 09:20:31.397[info] Sequelize sync success
2022-02-24 09:20:42.691[info] (cart.list.params) {}
2022-02-24 09:20:42.818[error] (cartService.list) SequelizeDatabaseError: Cart.id 칼럼 없음
2022-02-24 09:22:04.470[info] DB connection success
2022-02-24 09:22:04.513[info] Sequelize sync success
2022-02-24 09:22:08.091[info] (cart.list.params) {}
2022-02-24 09:22:08.105[error] (cartService.list) SequelizeDatabaseError: Cart.id 칼럼 없음
2022-02-24 09:24:59.067[info] DB connection success
2022-02-24 09:24:59.112[info] Sequelize sync success
2022-02-24 09:25:13.360[info] DB connection success
2022-02-24 09:25:13.405[info] Sequelize sync success
2022-02-24 09:25:33.196[info] DB connection success
2022-02-24 09:25:33.236[info] Sequelize sync success
2022-02-24 09:25:39.818[info] DB connection success
2022-02-24 09:25:39.866[info] Sequelize sync success
2022-02-24 09:25:46.635[info] (cart.list.params) {}
2022-02-24 09:25:46.649[debug] (cartService.list) {"count":2,"rows":[{"cartNumber":2,"productNumber":2,"cartValue":"shrit002","productCount":50,"createdAt":"2022-02-24T00:14:34.510Z","updatedAt":"2022-02-24T00:14:34.510Z","deletedAt":null,"ProductProductNumber":null},{"cartNumber":1,"productNumber":1,"cartValue":"shrit001","productCount":50,"createdAt":"2022-02-24T00:08:26.656Z","updatedAt":"2022-02-24T00:08:26.656Z","deletedAt":null,"ProductProductNumber":null}]}
2022-02-24 09:25:46.651[info] (cart.list.result) {"count":2,"rows":[{"cartNumber":2,"productNumber":2,"cartValue":"shrit002","productCount":50,"createdAt":"2022-02-24T00:14:34.510Z","updatedAt":"2022-02-24T00:14:34.510Z","deletedAt":null,"ProductProductNumber":null},{"cartNumber":1,"productNumber":1,"cartValue":"shrit001","productCount":50,"createdAt":"2022-02-24T00:08:26.656Z","updatedAt":"2022-02-24T00:08:26.656Z","deletedAt":null,"ProductProductNumber":null}]}
2022-02-24 09:32:38.092[info] DB connection success
2022-02-24 09:32:38.141[info] Sequelize sync success
2022-02-24 09:33:42.295[info] DB connection success
2022-02-24 09:33:42.344[info] Sequelize sync success
2022-02-24 09:34:33.259[info] DB connection success
2022-02-24 09:34:33.302[info] Sequelize sync success
2022-02-24 09:34:44.989[info] DB connection success
2022-02-24 09:34:45.036[info] Sequelize sync success
2022-02-24 09:34:48.179[info] DB connection success
2022-02-24 09:34:48.234[info] Sequelize sync success
2022-02-24 09:35:53.152[info] DB connection success
2022-02-24 09:35:53.238[info] Sequelize sync success
2022-02-24 09:37:31.978[info] DB connection success
2022-02-24 09:37:32.039[info] Sequelize sync success
2022-02-24 09:37:45.743[info] DB connection success
2022-02-24 09:37:45.788[info] Sequelize sync success
2022-02-24 09:37:51.664[info] DB connection success
2022-02-24 09:37:51.707[info] Sequelize sync success
2022-02-24 09:37:59.168[info] DB connection success
2022-02-24 09:37:59.211[info] Sequelize sync success
2022-02-24 09:38:04.367[info] DB connection success
2022-02-24 09:38:04.414[info] Sequelize sync success
2022-02-24 09:38:09.208[info] DB connection success
2022-02-24 09:38:09.258[info] Sequelize sync success
2022-02-24 09:39:30.133[info] DB connection success
2022-02-24 09:39:30.182[info] Sequelize sync success
2022-02-24 09:40:40.285[info] DB connection success
2022-02-24 09:40:40.329[info] Sequelize sync success
2022-02-24 09:41:00.002[info] DB connection success
2022-02-24 09:41:00.056[info] Sequelize sync success
2022-02-24 09:41:58.103[info] DB connection success
2022-02-24 09:41:58.154[info] Sequelize sync success
2022-02-24 09:42:14.713[info] DB connection success
2022-02-24 09:42:14.758[info] Sequelize sync success
2022-02-24 09:42:42.051[info] DB connection success
2022-02-24 09:42:42.101[info] Sequelize sync success
2022-02-24 09:43:54.484[info] DB connection success
2022-02-24 09:43:54.531[info] Sequelize sync success
2022-02-24 09:44:10.303[info] DB connection success
2022-02-24 09:44:10.348[info] Sequelize sync success
2022-02-24 09:44:20.026[info] DB connection success
2022-02-24 09:44:20.069[info] Sequelize sync success
2022-02-24 09:44:24.446[info] DB connection success
2022-02-24 09:44:24.497[info] Sequelize sync success
2022-02-24 09:44:29.875[info] DB connection success
2022-02-24 09:44:29.917[info] Sequelize sync success
2022-02-24 09:44:32.266[info] DB connection success
2022-02-24 09:44:32.318[info] Sequelize sync success
2022-02-24 09:44:59.458[info] DB connection success
2022-02-24 09:44:59.505[info] Sequelize sync success
2022-02-24 09:45:23.462[info] DB connection success
2022-02-24 09:45:23.519[info] Sequelize sync success
2022-02-24 09:45:34.825[info] DB connection success
2022-02-24 09:45:34.874[info] Sequelize sync success
2022-02-24 09:45:55.874[info] DB connection success
2022-02-24 09:45:55.921[info] Sequelize sync success
2022-02-24 09:46:06.229[info] DB connection success
2022-02-24 09:46:06.280[info] Sequelize sync success
2022-02-24 09:46:13.444[info] DB connection success
2022-02-24 09:46:13.497[info] Sequelize sync success
2022-02-24 09:46:17.384[info] DB connection success
2022-02-24 09:46:17.427[info] Sequelize sync success
2022-02-24 09:51:52.704[info] DB connection success
2022-02-24 09:51:52.754[info] Sequelize sync success
2022-02-24 09:52:05.782[info] DB connection success
2022-02-24 09:52:05.829[info] Sequelize sync success
2022-02-24 09:52:09.958[info] (productreply.reg.params) {"replyNumber":"001","productNumber":"001","content":"shritproblem","writerNickname":"donggi","reportingDate":"2022-02-23","replyOriginNumber":"001","replyOrder":"001","replyDepth":"10"}
2022-02-24 09:52:09.981[debug] (productreplyService.reg) {"replyNumber":1,"productNumber":1,"content":"shritproblem","writerNickname":"donggi","reportingDate":"2022-02-23T00:00:00.000Z","replyOriginNumber":1,"replyOrder":1,"replyDepth":10,"updatedAt":"2022-02-24T00:52:09.963Z","createdAt":"2022-02-24T00:52:09.963Z","deletedAt":null,"ProductProductNumber":null}
2022-02-24 09:52:09.983[info] (productreply.reg.result) {"replyNumber":1,"productNumber":1,"content":"shritproblem","writerNickname":"donggi","reportingDate":"2022-02-23T00:00:00.000Z","replyOriginNumber":1,"replyOrder":1,"replyDepth":10,"updatedAt":"2022-02-24T00:52:09.963Z","createdAt":"2022-02-24T00:52:09.963Z","deletedAt":null,"ProductProductNumber":null}
2022-02-24 14:21:38.589[info] DB connection success
2022-02-24 14:21:38.636[info] Sequelize sync success
2022-02-24 14:27:36.241[info] DB connection success
2022-02-24 14:27:36.289[info] Sequelize sync success
2022-02-24 14:28:54.916[info] DB connection success
2022-02-24 14:28:55.006[info] Sequelize sync success
2022-02-24 14:37:32.067[info] DB connection success
2022-02-24 14:37:32.118[info] Sequelize sync success
2022-02-24 14:37:43.321[info] DB connection success
2022-02-24 14:37:43.371[info] Sequelize sync success
2022-02-24 14:38:47.040[info] DB connection success
2022-02-24 14:38:47.089[info] Sequelize sync success
2022-02-24 14:40:48.723[info] DB connection success
2022-02-24 14:40:48.771[info] Sequelize sync success
2022-02-24 14:40:59.449[info] DB connection success
2022-02-24 14:40:59.499[info] Sequelize sync success
2022-02-24 14:41:07.280[info] DB connection success
2022-02-24 14:41:07.330[info] Sequelize sync success
2022-02-24 14:41:33.790[info] DB connection success
2022-02-24 14:41:33.838[info] Sequelize sync success
2022-02-24 14:42:24.326[info] DB connection success
2022-02-24 14:42:24.370[info] Sequelize sync success
2022-02-24 14:42:39.875[info] DB connection success
2022-02-24 14:42:39.926[info] Sequelize sync success
2022-02-24 14:43:51.586[info] DB connection success
2022-02-24 14:43:51.637[info] Sequelize sync success
2022-02-24 14:44:44.575[info] DB connection success
2022-02-24 14:44:44.624[info] Sequelize sync success
2022-02-24 14:45:00.013[info] DB connection success
2022-02-24 14:45:00.071[info] Sequelize sync success
2022-02-24 14:46:23.467[info] DB connection success
2022-02-24 14:46:23.516[info] Sequelize sync success
2022-02-24 14:47:19.568[info] DB connection success
2022-02-24 14:47:19.623[info] Sequelize sync success
2022-02-24 14:47:39.334[info] DB connection success
2022-02-24 14:47:39.392[info] Sequelize sync success
2022-02-24 14:49:23.514[info] DB connection success
2022-02-24 14:49:23.560[info] Sequelize sync success
2022-02-24 14:49:52.051[info] DB connection success
2022-02-24 14:49:52.094[info] Sequelize sync success
2022-02-24 14:50:12.461[info] DB connection success
2022-02-24 14:50:12.510[info] Sequelize sync success
2022-02-24 14:51:13.716[info] DB connection success
2022-02-24 14:51:13.771[info] Sequelize sync success
2022-02-24 14:51:48.369[info] DB connection success
2022-02-24 14:51:48.420[info] Sequelize sync success
2022-02-24 14:51:58.484[info] DB connection success
2022-02-24 14:51:58.534[info] Sequelize sync success
2022-02-24 14:52:17.410[info] DB connection success
2022-02-24 14:52:17.461[info] Sequelize sync success
2022-02-24 14:54:12.189[info] DB connection success
2022-02-24 14:54:12.242[info] Sequelize sync success
2022-02-24 14:54:46.622[info] DB connection success
2022-02-24 14:54:46.668[info] Sequelize sync success
2022-02-24 14:55:07.757[info] DB connection success
2022-02-24 14:55:07.801[info] Sequelize sync success
2022-02-24 14:56:09.096[info] DB connection success
2022-02-24 14:56:09.146[info] Sequelize sync success
2022-02-24 14:56:21.891[info] DB connection success
2022-02-24 14:56:21.936[info] Sequelize sync success
2022-02-24 14:56:54.534[info] DB connection success
2022-02-24 14:56:54.582[info] Sequelize sync success
2022-02-24 14:57:13.187[info] DB connection success
2022-02-24 14:57:13.238[info] Sequelize sync success
2022-02-24 14:57:35.261[info] (product.info.params) {"productNumber":"1"}
2022-02-24 14:57:35.265[debug] (productService.info) null
2022-02-24 14:57:35.267[info] (product.info.result) null
2022-02-24 14:57:39.872[info] (product.reg.params) {"productNumber":"001","categoryCode":"short_shrit","productName":"shrit002","productPrice":"5000","productStock":"30","productDesc":"dev","productDate":"2020-02-03","productHits":"100"}
2022-02-24 14:57:39.970[debug] (productService.reg) {"id":1,"productNumber":1,"categoryCode":"short_shrit","productName":"shrit002","productPrice":5000,"productStock":30,"productDesc":"dev","productDate":"2020-02-03T00:00:00.000Z","productHits":100,"updatedAt":"2022-02-24T05:57:39.879Z","createdAt":"2022-02-24T05:57:39.879Z","deletedAt":null,"ProductCategoryId":null}
2022-02-24 14:57:39.972[info] (product.reg.result) {"id":1,"productNumber":1,"categoryCode":"short_shrit","productName":"shrit002","productPrice":5000,"productStock":30,"productDesc":"dev","productDate":"2020-02-03T00:00:00.000Z","productHits":100,"updatedAt":"2022-02-24T05:57:39.879Z","createdAt":"2022-02-24T05:57:39.879Z","deletedAt":null,"ProductCategoryId":null}
2022-02-24 14:58:04.601[info] (productcategory.reg.params) {"categoryCode":"short_shrit","categoryName":"shortshrit1","categoryRefCode":"shortshrit001"}
2022-02-24 14:58:04.680[debug] (productcategoryService.reg) {"id":1,"categoryCode":"short_shrit","categoryName":"shortshrit1","categoryRefCode":"shortshrit001","updatedAt":"2022-02-24T05:58:04.604Z","createdAt":"2022-02-24T05:58:04.604Z","deletedAt":null}
2022-02-24 14:58:04.683[info] (productcategory.reg.result) {"id":1,"categoryCode":"short_shrit","categoryName":"shortshrit1","categoryRefCode":"shortshrit001","updatedAt":"2022-02-24T05:58:04.604Z","createdAt":"2022-02-24T05:58:04.604Z","deletedAt":null}
2022-02-24 14:58:44.655[info] (cart.reg.params) {"cartNumber":"001","productNumber":"001","cartValue":"shrit001","productCount":"50"}
2022-02-24 14:58:44.726[debug] (cartService.reg) {"id":1,"cartNumber":1,"productNumber":1,"cartValue":"shrit001","productCount":50,"updatedAt":"2022-02-24T05:58:44.658Z","createdAt":"2022-02-24T05:58:44.658Z","deletedAt":null,"ProductId":null}
2022-02-24 14:58:44.728[info] (cart.reg.result) {"id":1,"cartNumber":1,"productNumber":1,"cartValue":"shrit001","productCount":50,"updatedAt":"2022-02-24T05:58:44.658Z","createdAt":"2022-02-24T05:58:44.658Z","deletedAt":null,"ProductId":null}
2022-02-24 14:58:52.967[info] (productreply.reg.params) {"replyNumber":"001","productNumber":"001","content":"shritproblem","writerNickname":"donggi","reportingDate":"2022-02-23","replyOriginNumber":"001","replyOrder":"001","replyDepth":"10"}
2022-02-24 14:58:52.975[debug] (productreplyService.reg) {"id":1,"replyNumber":1,"productNumber":1,"content":"shritproblem","writerNickname":"donggi","reportingDate":"2022-02-23T00:00:00.000Z","replyOriginNumber":1,"replyOrder":1,"replyDepth":10,"updatedAt":"2022-02-24T05:58:52.970Z","createdAt":"2022-02-24T05:58:52.970Z","deletedAt":null,"ProductId":null}
2022-02-24 14:58:52.976[info] (productreply.reg.result) {"id":1,"replyNumber":1,"productNumber":1,"content":"shritproblem","writerNickname":"donggi","reportingDate":"2022-02-23T00:00:00.000Z","replyOriginNumber":1,"replyOrder":1,"replyDepth":10,"updatedAt":"2022-02-24T05:58:52.970Z","createdAt":"2022-02-24T05:58:52.970Z","deletedAt":null,"ProductId":null}
2022-02-24 14:58:59.715[info] (product.info.params) {"productNumber":"1"}
2022-02-24 14:58:59.716[debug] (productService.info) null
2022-02-24 14:58:59.717[info] (product.info.result) null
2022-02-24 14:59:03.108[info] (product.list.params) {}
2022-02-24 14:59:03.135[debug] (productService.list) {"count":1,"rows":[{"id":1,"productNumber":1,"categoryCode":"short_shrit","productName":"shrit002","productPrice":5000,"productStock":30,"productDesc":"dev","productDate":"2020-02-03T00:00:00.000Z","productHits":100,"createdAt":"2022-02-24T05:57:39.879Z","updatedAt":"2022-02-24T05:57:39.879Z","deletedAt":null,"ProductCategoryId":null,"ProductCategory":null}]}
2022-02-24 14:59:03.139[info] (product.list.result) {"count":1,"rows":[{"id":1,"productNumber":1,"categoryCode":"short_shrit","productName":"shrit002","productPrice":5000,"productStock":30,"productDesc":"dev","productDate":"2020-02-03T00:00:00.000Z","productHits":100,"createdAt":"2022-02-24T05:57:39.879Z","updatedAt":"2022-02-24T05:57:39.879Z","deletedAt":null,"ProductCategoryId":null,"ProductCategory":null}]}
2022-02-24 14:59:18.724[info] (product.info.params) {"productNumber":"1"}
2022-02-24 14:59:18.725[debug] (productService.info) null
2022-02-24 14:59:18.727[info] (product.info.result) null
2022-02-24 15:01:12.275[info] DB connection success
2022-02-24 15:01:12.329[info] Sequelize sync success
2022-02-24 15:01:19.651[info] (product.info.params) {"id":"1"}
2022-02-24 15:01:19.663[debug] (productService.info) {"id":1,"productNumber":1,"categoryCode":"short_shrit","productName":"shrit002","productPrice":5000,"productStock":30,"productDesc":"dev","productDate":"2020-02-03T00:00:00.000Z","productHits":100,"createdAt":"2022-02-24T05:57:39.879Z","updatedAt":"2022-02-24T05:57:39.879Z","deletedAt":null,"ProductCategoryId":null}
2022-02-24 15:01:19.665[info] (product.info.result) {"id":1,"productNumber":1,"categoryCode":"short_shrit","productName":"shrit002","productPrice":5000,"productStock":30,"productDesc":"dev","productDate":"2020-02-03T00:00:00.000Z","productHits":100,"createdAt":"2022-02-24T05:57:39.879Z","updatedAt":"2022-02-24T05:57:39.879Z","deletedAt":null,"ProductCategoryId":null}
2022-02-24 15:01:38.800[info] DB connection success
2022-02-24 15:01:38.849[info] Sequelize sync success
2022-02-24 15:01:49.198[info] DB connection success
2022-02-24 15:01:49.262[info] Sequelize sync success
2022-02-24 15:03:11.743[info] DB connection success
2022-02-24 15:03:11.794[info] Sequelize sync success
2022-02-24 15:03:18.066[info] DB connection success
2022-02-24 15:03:18.111[info] Sequelize sync success
2022-02-24 15:03:22.845[info] DB connection success
2022-02-24 15:03:22.892[info] Sequelize sync success
2022-02-24 15:03:33.490[info] DB connection success
2022-02-24 15:03:33.540[info] Sequelize sync success
2022-02-24 15:03:46.298[info] DB connection success
2022-02-24 15:03:46.340[info] Sequelize sync success
2022-02-24 15:04:21.262[info] DB connection success
2022-02-24 15:04:21.316[info] Sequelize sync success
2022-02-24 15:04:27.548[info] DB connection success
2022-02-24 15:04:27.595[info] Sequelize sync success
2022-02-24 15:04:40.491[info] DB connection success
2022-02-24 15:04:40.541[info] Sequelize sync success
2022-02-24 15:04:43.766[info] DB connection success
2022-02-24 15:04:43.818[info] Sequelize sync success
2022-02-24 15:04:53.869[info] DB connection success
2022-02-24 15:04:53.920[info] Sequelize sync success
2022-02-24 15:05:31.594[info] DB connection success
2022-02-24 15:05:31.648[info] Sequelize sync success
2022-02-24 15:05:43.537[info] DB connection success
2022-02-24 15:05:43.585[info] Sequelize sync success
2022-02-24 15:05:51.225[info] DB connection success
2022-02-24 15:05:51.287[info] Sequelize sync success
2022-02-24 15:06:03.267[info] DB connection success
2022-02-24 15:06:03.315[info] Sequelize sync success
2022-02-24 15:06:15.328[info] (cart.info.params) {}
2022-02-24 15:06:15.330[debug] (cartService.info) null
2022-02-24 15:06:15.331[info] (cart.info.result) null
2022-02-24 15:06:24.249[info] (cart.info.params) {}
2022-02-24 15:06:24.251[debug] (cartService.info) null
2022-02-24 15:06:24.252[info] (cart.info.result) null
2022-02-24 15:06:31.236[info] (cart.info.params) {}
2022-02-24 15:06:31.237[debug] (cartService.info) null
2022-02-24 15:06:31.238[info] (cart.info.result) null
2022-02-24 15:06:40.287[info] DB connection success
2022-02-24 15:06:40.331[info] Sequelize sync success
2022-02-24 15:07:07.350[info] (cart.list.params) {}
2022-02-24 15:07:07.486[debug] (cartService.list) {"count":1,"rows":[{"id":1,"cartNumber":1,"productNumber":1,"cartValue":"shrit001","productCount":50,"createdAt":"2022-02-24T05:58:44.658Z","updatedAt":"2022-02-24T05:58:44.658Z","deletedAt":null,"ProductId":null,"Product":null}]}
2022-02-24 15:07:07.488[info] (cart.list.result) {"count":1,"rows":[{"id":1,"cartNumber":1,"productNumber":1,"cartValue":"shrit001","productCount":50,"createdAt":"2022-02-24T05:58:44.658Z","updatedAt":"2022-02-24T05:58:44.658Z","deletedAt":null,"ProductId":null,"Product":null}]}
2022-02-24 15:07:12.692[info] (cart.info.params) {}
2022-02-24 15:07:12.694[debug] (cartService.info) null
2022-02-24 15:07:12.695[info] (cart.info.result) null
2022-02-24 15:07:42.440[info] DB connection success
2022-02-24 15:07:42.493[info] Sequelize sync success
2022-02-24 15:07:49.027[info] (cart.info.params) {"id":"1"}
2022-02-24 15:07:49.038[debug] (cartService.info) {"id":1,"cartNumber":1,"productNumber":1,"cartValue":"shrit001","productCount":50,"createdAt":"2022-02-24T05:58:44.658Z","updatedAt":"2022-02-24T05:58:44.658Z","deletedAt":null,"ProductId":null}
2022-02-24 15:07:49.040[info] (cart.info.result) {"id":1,"cartNumber":1,"productNumber":1,"cartValue":"shrit001","productCount":50,"createdAt":"2022-02-24T05:58:44.658Z","updatedAt":"2022-02-24T05:58:44.658Z","deletedAt":null,"ProductId":null}
2022-02-24 15:08:40.176[info] DB connection success
2022-02-24 15:08:40.221[info] Sequelize sync success
2022-02-24 15:08:58.235[info] DB connection success
2022-02-24 15:08:58.313[info] Sequelize sync success
2022-02-24 15:10:23.316[info] DB connection success
2022-02-24 15:10:23.364[info] Sequelize sync success
2022-02-24 15:10:28.322[info] DB connection success
2022-02-24 15:10:28.364[info] Sequelize sync success
2022-02-24 15:10:59.092[info] DB connection success
2022-02-24 15:10:59.147[info] Sequelize sync success
2022-02-24 15:11:09.314[info] DB connection success
2022-02-24 15:11:09.356[info] Sequelize sync success
2022-02-24 15:11:26.633[info] DB connection success
2022-02-24 15:11:26.682[info] Sequelize sync success
2022-02-24 15:11:29.011[info] DB connection success
2022-02-24 15:11:29.058[info] Sequelize sync success
2022-02-24 15:11:50.917[info] DB connection success
2022-02-24 15:11:50.962[info] Sequelize sync success
2022-02-24 15:12:00.185[info] (cart.info.params) {"id":"1"}
2022-02-24 15:12:00.198[debug] (cartService.info) {"id":1,"cartNumber":1,"productNumber":1,"cartValue":"shrit001","productCount":50,"createdAt":"2022-02-24T05:58:44.658Z","updatedAt":"2022-02-24T05:58:44.658Z","deletedAt":null,"ProductId":null}
2022-02-24 15:12:00.200[info] (cart.info.result) {"id":1,"cartNumber":1,"productNumber":1,"cartValue":"shrit001","productCount":50,"createdAt":"2022-02-24T05:58:44.658Z","updatedAt":"2022-02-24T05:58:44.658Z","deletedAt":null,"ProductId":null}
2022-02-24 15:12:19.309[info] (productreply.info.params) {"id":"1"}
2022-02-24 15:12:19.387[debug] (productreplyService.info) {"id":1,"replyNumber":1,"productNumber":1,"content":"shritproblem","writerNickname":"donggi","reportingDate":"2022-02-23T00:00:00.000Z","replyOriginNumber":1,"replyOrder":1,"replyDepth":10,"createdAt":"2022-02-24T05:58:52.970Z","updatedAt":"2022-02-24T05:58:52.970Z","deletedAt":null,"ProductId":null}
2022-02-24 15:12:19.389[info] (productreply.info.result) {"id":1,"replyNumber":1,"productNumber":1,"content":"shritproblem","writerNickname":"donggi","reportingDate":"2022-02-23T00:00:00.000Z","replyOriginNumber":1,"replyOrder":1,"replyDepth":10,"createdAt":"2022-02-24T05:58:52.970Z","updatedAt":"2022-02-24T05:58:52.970Z","deletedAt":null,"ProductId":null}
2022-02-24 15:12:28.084[info] (productimagefile.reg.params) {"fileNumber":"00001","productNumber":"001","orginFileName":"short_shrit01","storedFileName":"short_01","storedThumbNail":"short_shrit01","delegateThumbNail":"1","fileSize":"100","createDate":"2022-02-23","deleteCheck":"0"}
2022-02-24 15:12:28.104[debug] (productimagefileService.reg) {"id":1,"fileNumber":1,"productNumber":1,"orginFileName":"short_shrit01","storedFileName":"short_01","storedThumbNail":"short_shrit01","delegateThumbNail":"1","fileSize":100,"createDate":"2022-02-23T00:00:00.000Z","deleteCheck":"0","updatedAt":"2022-02-24T06:12:28.088Z","createdAt":"2022-02-24T06:12:28.088Z","deletedAt":null,"ProductId":null}
2022-02-24 15:12:28.106[info] (productimagefile.reg.result) {"id":1,"fileNumber":1,"productNumber":1,"orginFileName":"short_shrit01","storedFileName":"short_01","storedThumbNail":"short_shrit01","delegateThumbNail":"1","fileSize":100,"createDate":"2022-02-23T00:00:00.000Z","deleteCheck":"0","updatedAt":"2022-02-24T06:12:28.088Z","createdAt":"2022-02-24T06:12:28.088Z","deletedAt":null,"ProductId":null}
2022-02-24 15:12:36.432[info] (productimagefile.info.params) {"id":"1"}
2022-02-24 15:12:46.473[info] (productimagefile.list.params) {}
2022-02-24 15:12:46.600[debug] (productimagefileService.list) {"count":1,"rows":[{"id":1,"fileNumber":1,"productNumber":1,"orginFileName":"short_shrit01","storedFileName":"short_01","storedThumbNail":"short_shrit01","delegateThumbNail":"1","fileSize":100,"createDate":"2022-02-23T00:00:00.000Z","deleteCheck":"0","createdAt":"2022-02-24T06:12:28.088Z","updatedAt":"2022-02-24T06:12:28.088Z","deletedAt":null,"ProductId":null,"Product":null}]}
2022-02-24 15:12:46.603[info] (productimagefile.list.result) {"count":1,"rows":[{"id":1,"fileNumber":1,"productNumber":1,"orginFileName":"short_shrit01","storedFileName":"short_01","storedThumbNail":"short_shrit01","delegateThumbNail":"1","fileSize":100,"createDate":"2022-02-23T00:00:00.000Z","deleteCheck":"0","createdAt":"2022-02-24T06:12:28.088Z","updatedAt":"2022-02-24T06:12:28.088Z","deletedAt":null,"ProductId":null,"Product":null}]}
2022-02-24 15:13:29.610[info] DB connection success
2022-02-24 15:13:29.667[info] Sequelize sync success
2022-02-24 15:13:31.439[info] (productimagefile.info.params) {"id":"1"}
2022-02-24 15:14:32.426[info] (productimagefile.info.params) {"id":"1"}
2022-02-24 15:14:35.305[info] (productimagefile.list.params) {}
2022-02-24 15:14:35.413[debug] (productimagefileService.list) {"count":1,"rows":[{"id":1,"fileNumber":1,"productNumber":1,"orginFileName":"short_shrit01","storedFileName":"short_01","storedThumbNail":"short_shrit01","delegateThumbNail":"1","fileSize":100,"createDate":"2022-02-23T00:00:00.000Z","deleteCheck":"0","createdAt":"2022-02-24T06:12:28.088Z","updatedAt":"2022-02-24T06:12:28.088Z","deletedAt":null,"ProductId":null,"Product":null}]}
2022-02-24 15:14:35.416[info] (productimagefile.list.result) {"count":1,"rows":[{"id":1,"fileNumber":1,"productNumber":1,"orginFileName":"short_shrit01","storedFileName":"short_01","storedThumbNail":"short_shrit01","delegateThumbNail":"1","fileSize":100,"createDate":"2022-02-23T00:00:00.000Z","deleteCheck":"0","createdAt":"2022-02-24T06:12:28.088Z","updatedAt":"2022-02-24T06:12:28.088Z","deletedAt":null,"ProductId":null,"Product":null}]}
2022-02-24 15:14:57.533[info] DB connection success
2022-02-24 15:14:57.576[info] Sequelize sync success
2022-02-24 15:15:25.600[info] DB connection success
2022-02-24 15:15:25.652[info] Sequelize sync success
2022-02-24 15:15:29.131[info] (productimagefile.info.params) {}
2022-02-24 15:15:32.511[info] (productimagefile.info.params) {}
2022-02-24 15:15:36.021[info] (productimagefile.list.params) {}
2022-02-24 15:15:36.128[debug] (productimagefileService.list) {"count":1,"rows":[{"id":1,"fileNumber":1,"productNumber":1,"orginFileName":"short_shrit01","storedFileName":"short_01","storedThumbNail":"short_shrit01","delegateThumbNail":"1","fileSize":100,"createDate":"2022-02-23T00:00:00.000Z","deleteCheck":"0","createdAt":"2022-02-24T06:12:28.088Z","updatedAt":"2022-02-24T06:12:28.088Z","deletedAt":null,"ProductId":null,"Product":null}]}
2022-02-24 15:15:36.131[info] (productimagefile.list.result) {"count":1,"rows":[{"id":1,"fileNumber":1,"productNumber":1,"orginFileName":"short_shrit01","storedFileName":"short_01","storedThumbNail":"short_shrit01","delegateThumbNail":"1","fileSize":100,"createDate":"2022-02-23T00:00:00.000Z","deleteCheck":"0","createdAt":"2022-02-24T06:12:28.088Z","updatedAt":"2022-02-24T06:12:28.088Z","deletedAt":null,"ProductId":null,"Product":null}]}
2022-02-24 15:15:42.725[info] DB connection success
2022-02-24 15:15:42.768[info] Sequelize sync success
2022-02-24 15:16:31.308[info] DB connection success
2022-02-24 15:16:31.356[info] Sequelize sync success
2022-02-24 15:16:39.714[info] (productimagefile.reg.params) {"fileNumber":"00001","productNumber":"001","orginFileName":"short_shrit01","storedFileName":"short_01","storedThumbNail":"short_shrit01","delegateThumbNail":"1","fileSize":"100","createDate":"2022-02-23","deleteCheck":"0"}
2022-02-24 15:16:39.728[error] (productimagefileService.reg) SequelizeUniqueConstraintError: 중복된 키 값이 "product_image_files_file_number_key" 고유 제약 조건을 위반함
2022-02-24 15:16:52.496[info] (productimagefile.reg.params) {"fileNumber":"00002","productNumber":"002","orginFileName":"short_shrit01","storedFileName":"short_01","storedThumbNail":"short_shrit01","delegateThumbNail":"1","fileSize":"100","createDate":"2022-02-23","deleteCheck":"0"}
2022-02-24 15:16:52.593[debug] (productimagefileService.reg) {"id":3,"fileNumber":2,"productNumber":2,"orginFileName":"short_shrit01","storedFileName":"short_01","storedThumbNail":"short_shrit01","delegateThumbNail":"1","fileSize":100,"createDate":"2022-02-23T00:00:00.000Z","deleteCheck":"0","updatedAt":"2022-02-24T06:16:52.498Z","createdAt":"2022-02-24T06:16:52.498Z","deletedAt":null,"ProductId":null}
2022-02-24 15:16:52.596[info] (productimagefile.reg.result) {"id":3,"fileNumber":2,"productNumber":2,"orginFileName":"short_shrit01","storedFileName":"short_01","storedThumbNail":"short_shrit01","delegateThumbNail":"1","fileSize":100,"createDate":"2022-02-23T00:00:00.000Z","deleteCheck":"0","updatedAt":"2022-02-24T06:16:52.498Z","createdAt":"2022-02-24T06:16:52.498Z","deletedAt":null,"ProductId":null}
2022-02-24 15:16:58.352[info] (productimagefile.list.params) {}
2022-02-24 15:16:58.384[debug] (productimagefileService.list) {"count":2,"rows":[{"id":3,"fileNumber":2,"productNumber":2,"orginFileName":"short_shrit01","storedFileName":"short_01","storedThumbNail":"short_shrit01","delegateThumbNail":"1","fileSize":100,"createDate":"2022-02-23T00:00:00.000Z","deleteCheck":"0","createdAt":"2022-02-24T06:16:52.498Z","updatedAt":"2022-02-24T06:16:52.498Z","deletedAt":null,"ProductId":null,"Product":null},{"id":1,"fileNumber":1,"productNumber":1,"orginFileName":"short_shrit01","storedFileName":"short_01","storedThumbNail":"short_shrit01","delegateThumbNail":"1","fileSize":100,"createDate":"2022-02-23T00:00:00.000Z","deleteCheck":"0","createdAt":"2022-02-24T06:12:28.088Z","updatedAt":"2022-02-24T06:12:28.088Z","deletedAt":null,"ProductId":null,"Product":null}]}
2022-02-24 15:16:58.389[info] (productimagefile.list.result) {"count":2,"rows":[{"id":3,"fileNumber":2,"productNumber":2,"orginFileName":"short_shrit01","storedFileName":"short_01","storedThumbNail":"short_shrit01","delegateThumbNail":"1","fileSize":100,"createDate":"2022-02-23T00:00:00.000Z","deleteCheck":"0","createdAt":"2022-02-24T06:16:52.498Z","updatedAt":"2022-02-24T06:16:52.498Z","deletedAt":null,"ProductId":null,"Product":null},{"id":1,"fileNumber":1,"productNumber":1,"orginFileName":"short_shrit01","storedFileName":"short_01","storedThumbNail":"short_shrit01","delegateThumbNail":"1","fileSize":100,"createDate":"2022-02-23T00:00:00.000Z","deleteCheck":"0","createdAt":"2022-02-24T06:12:28.088Z","updatedAt":"2022-02-24T06:12:28.088Z","deletedAt":null,"ProductId":null,"Product":null}]}
2022-02-24 15:17:05.828[info] (productimagefile.info.params) {"id":"1"}
2022-02-24 15:17:08.640[info] (productimagefile.info.params) {"id":"2"}
2022-02-24 15:17:43.007[info] DB connection success
2022-02-24 15:17:43.056[info] Sequelize sync success
2022-02-24 15:17:54.054[info] (productimagefile.info.params) {"id":"2"}
2022-02-24 15:18:07.817[info] (productimagefile.list.params) {}
2022-02-24 15:18:07.969[debug] (productimagefileService.list) {"count":2,"rows":[{"id":3,"fileNumber":2,"productNumber":2,"orginFileName":"short_shrit01","storedFileName":"short_01","storedThumbNail":"short_shrit01","delegateThumbNail":"1","fileSize":100,"createDate":"2022-02-23T00:00:00.000Z","deleteCheck":"0","createdAt":"2022-02-24T06:16:52.498Z","updatedAt":"2022-02-24T06:16:52.498Z","deletedAt":null,"ProductId":null,"Product":null},{"id":1,"fileNumber":1,"productNumber":1,"orginFileName":"short_shrit01","storedFileName":"short_01","storedThumbNail":"short_shrit01","delegateThumbNail":"1","fileSize":100,"createDate":"2022-02-23T00:00:00.000Z","deleteCheck":"0","createdAt":"2022-02-24T06:12:28.088Z","updatedAt":"2022-02-24T06:12:28.088Z","deletedAt":null,"ProductId":null,"Product":null}]}
2022-02-24 15:18:07.972[info] (productimagefile.list.result) {"count":2,"rows":[{"id":3,"fileNumber":2,"productNumber":2,"orginFileName":"short_shrit01","storedFileName":"short_01","storedThumbNail":"short_shrit01","delegateThumbNail":"1","fileSize":100,"createDate":"2022-02-23T00:00:00.000Z","deleteCheck":"0","createdAt":"2022-02-24T06:16:52.498Z","updatedAt":"2022-02-24T06:16:52.498Z","deletedAt":null,"ProductId":null,"Product":null},{"id":1,"fileNumber":1,"productNumber":1,"orginFileName":"short_shrit01","storedFileName":"short_01","storedThumbNail":"short_shrit01","delegateThumbNail":"1","fileSize":100,"createDate":"2022-02-23T00:00:00.000Z","deleteCheck":"0","createdAt":"2022-02-24T06:12:28.088Z","updatedAt":"2022-02-24T06:12:28.088Z","deletedAt":null,"ProductId":null,"Product":null}]}
2022-02-24 15:18:14.412[info] (productimagefile.info.params) {"id":"32"}
2022-02-24 15:18:16.870[info] (productimagefile.info.params) {"id":"3"}
2022-02-24 15:20:16.291[info] DB connection success
2022-02-24 15:20:16.338[info] Sequelize sync success
2022-02-24 15:20:25.587[info] DB connection success
2022-02-24 15:20:25.646[info] Sequelize sync success
2022-02-24 15:20:59.431[info] DB connection success
2022-02-24 15:20:59.478[info] Sequelize sync success
2022-02-24 15:21:04.621[info] DB connection success
2022-02-24 15:21:04.676[info] Sequelize sync success
2022-02-24 15:21:06.842[info] (productimagefile.info.params) {"id":"3"}
2022-02-24 15:21:06.856[debug] (productimagefileService.info) {"id":3,"fileNumber":2,"productNumber":2,"orginFileName":"short_shrit01","storedFileName":"short_01","storedThumbNail":"short_shrit01","delegateThumbNail":"1","fileSize":100,"createDate":"2022-02-23T00:00:00.000Z","deleteCheck":"0","createdAt":"2022-02-24T06:16:52.498Z","updatedAt":"2022-02-24T06:16:52.498Z","deletedAt":null,"ProductId":null}
2022-02-24 15:21:06.857[info] (productimagefile.info.result) {"id":3,"fileNumber":2,"productNumber":2,"orginFileName":"short_shrit01","storedFileName":"short_01","storedThumbNail":"short_shrit01","delegateThumbNail":"1","fileSize":100,"createDate":"2022-02-23T00:00:00.000Z","deleteCheck":"0","createdAt":"2022-02-24T06:16:52.498Z","updatedAt":"2022-02-24T06:16:52.498Z","deletedAt":null,"ProductId":null}
2022-02-24 15:21:13.202[info] DB connection success
2022-02-24 15:21:13.245[info] Sequelize sync success
2022-02-24 15:23:10.128[info] DB connection success
2022-02-24 15:23:10.175[info] Sequelize sync success
2022-02-24 15:48:01.865[info] DB connection success
2022-02-24 15:48:01.907[info] Sequelize sync success
2022-02-24 15:51:27.801[info] DB connection success
2022-02-24 15:51:27.858[info] Sequelize sync success
2022-02-24 15:52:49.238[info] (product.reg.params) {"productNumber":"003","categoryCode":"T-shrit","productName":"shrit001","productPrice":"5000","productStock":"30","productDesc":"dev","productDate":"2020-02-02","productHits":"100"}
2022-02-24 15:52:49.431[debug] (productService.reg) {"id":2,"productNumber":3,"categoryCode":"T-shrit","productName":"shrit001","productPrice":5000,"productStock":30,"productDesc":"dev","productDate":"2020-02-02T00:00:00.000Z","productHits":100,"updatedAt":"2022-02-24T06:52:49.242Z","createdAt":"2022-02-24T06:52:49.242Z","deletedAt":null,"ProductCategoryId":null}
2022-02-24 15:52:49.433[info] (product.reg.result) {"id":2,"productNumber":3,"categoryCode":"T-shrit","productName":"shrit001","productPrice":5000,"productStock":30,"productDesc":"dev","productDate":"2020-02-02T00:00:00.000Z","productHits":100,"updatedAt":"2022-02-24T06:52:49.242Z","createdAt":"2022-02-24T06:52:49.242Z","deletedAt":null,"ProductCategoryId":null}
2022-02-24 15:53:00.856[info] (product.list.params) {}
2022-02-24 15:53:00.981[debug] (productService.list) {"count":2,"rows":[{"id":2,"productNumber":3,"categoryCode":"T-shrit","productName":"shrit001","productPrice":5000,"productStock":30,"productDesc":"dev","productDate":"2020-02-02T00:00:00.000Z","productHits":100,"createdAt":"2022-02-24T06:52:49.242Z","updatedAt":"2022-02-24T06:52:49.242Z","deletedAt":null,"ProductCategoryId":null,"ProductCategory":null},{"id":1,"productNumber":1,"categoryCode":"short_shrit","productName":"shrit002","productPrice":5000,"productStock":30,"productDesc":"dev","productDate":"2020-02-03T00:00:00.000Z","productHits":100,"createdAt":"2022-02-24T05:57:39.879Z","updatedAt":"2022-02-24T05:57:39.879Z","deletedAt":null,"ProductCategoryId":null,"ProductCategory":null}]}
2022-02-24 15:53:00.985[info] (product.list.result) {"count":2,"rows":[{"id":2,"productNumber":3,"categoryCode":"T-shrit","productName":"shrit001","productPrice":5000,"productStock":30,"productDesc":"dev","productDate":"2020-02-02T00:00:00.000Z","productHits":100,"createdAt":"2022-02-24T06:52:49.242Z","updatedAt":"2022-02-24T06:52:49.242Z","deletedAt":null,"ProductCategoryId":null,"ProductCategory":null},{"id":1,"productNumber":1,"categoryCode":"short_shrit","productName":"shrit002","productPrice":5000,"productStock":30,"productDesc":"dev","productDate":"2020-02-03T00:00:00.000Z","productHits":100,"createdAt":"2022-02-24T05:57:39.879Z","updatedAt":"2022-02-24T05:57:39.879Z","deletedAt":null,"ProductCategoryId":null,"ProductCategory":null}]}
2022-02-24 15:53:07.348[info] (product.info.params) {"id":"1"}
2022-02-24 15:53:07.354[debug] (productService.info) {"id":1,"productNumber":1,"categoryCode":"short_shrit","productName":"shrit002","productPrice":5000,"productStock":30,"productDesc":"dev","productDate":"2020-02-03T00:00:00.000Z","productHits":100,"createdAt":"2022-02-24T05:57:39.879Z","updatedAt":"2022-02-24T05:57:39.879Z","deletedAt":null,"ProductCategoryId":null}
2022-02-24 15:53:07.356[info] (product.info.result) {"id":1,"productNumber":1,"categoryCode":"short_shrit","productName":"shrit002","productPrice":5000,"productStock":30,"productDesc":"dev","productDate":"2020-02-03T00:00:00.000Z","productHits":100,"createdAt":"2022-02-24T05:57:39.879Z","updatedAt":"2022-02-24T05:57:39.879Z","deletedAt":null,"ProductCategoryId":null}
2022-02-24 19:04:20.597[info] DB connection success
2022-02-24 19:04:20.729[info] Sequelize sync success
2022-02-24 19:55:54.717[info] DB connection success
2022-02-24 19:55:54.770[info] Sequelize sync success
2022-02-24 19:57:31.372[info] (product.reg.params) {"productNumber":"003","categoryCode":"T-shrit","productName":"shrit001","productPrice":"5000","productStock":"30","productDesc":"dev","productDate":"2020-02-02","productHits":"100"}
2022-02-24 19:57:31.451[error] (productService.reg) SequelizeUniqueConstraintError: 중복된 키 값이 "products_product_number_key" 고유 제약 조건을 위반함
2022-02-24 19:57:36.686[info] (product.reg.params) {"productNumber":"004","categoryCode":"T-shrit","productName":"shrit001","productPrice":"5000","productStock":"30","productDesc":"dev","productDate":"2020-02-02","productHits":"100"}
2022-02-24 19:57:36.696[debug] (productService.reg) {"id":4,"productNumber":4,"categoryCode":"T-shrit","productName":"shrit001","productPrice":5000,"productStock":30,"productDesc":"dev","productDate":"2020-02-02T00:00:00.000Z","productHits":100,"updatedAt":"2022-02-24T10:57:36.690Z","createdAt":"2022-02-24T10:57:36.690Z","deletedAt":null,"ProductCategoryId":null}
2022-02-24 19:57:36.698[info] (product.reg.result) {"id":4,"productNumber":4,"categoryCode":"T-shrit","productName":"shrit001","productPrice":5000,"productStock":30,"productDesc":"dev","productDate":"2020-02-02T00:00:00.000Z","productHits":100,"updatedAt":"2022-02-24T10:57:36.690Z","createdAt":"2022-02-24T10:57:36.690Z","deletedAt":null,"ProductCategoryId":null}
2022-02-24 19:57:42.355[info] (product.list.params) {}
2022-02-24 19:57:42.379[debug] (productService.list) {"count":3,"rows":[{"id":4,"productNumber":4,"categoryCode":"T-shrit","productName":"shrit001","productPrice":5000,"productStock":30,"productDesc":"dev","productDate":"2020-02-02T00:00:00.000Z","productHits":100,"createdAt":"2022-02-24T10:57:36.690Z","updatedAt":"2022-02-24T10:57:36.690Z","deletedAt":null,"ProductCategoryId":null,"ProductCategory":null},{"id":2,"productNumber":3,"categoryCode":"T-shrit","productName":"shrit001","productPrice":5000,"productStock":30,"productDesc":"dev","productDate":"2020-02-02T00:00:00.000Z","productHits":100,"createdAt":"2022-02-24T06:52:49.242Z","updatedAt":"2022-02-24T06:52:49.242Z","deletedAt":null,"ProductCategoryId":null,"ProductCategory":null},{"id":1,"productNumber":1,"categoryCode":"short_shrit","productName":"shrit002","productPrice":5000,"productStock":30,"productDesc":"dev","productDate":"2020-02-03T00:00:00.000Z","productHits":100,"createdAt":"2022-02-24T05:57:39.879Z","updatedAt":"2022-02-24T05:57:39.879Z","deletedAt":null,"ProductCategoryId":null,"ProductCategory":null}]}
2022-02-24 19:57:42.383[info] (product.list.result) {"count":3,"rows":[{"id":4,"productNumber":4,"categoryCode":"T-shrit","productName":"shrit001","productPrice":5000,"productStock":30,"productDesc":"dev","productDate":"2020-02-02T00:00:00.000Z","productHits":100,"createdAt":"2022-02-24T10:57:36.690Z","updatedAt":"2022-02-24T10:57:36.690Z","deletedAt":null,"ProductCategoryId":null,"ProductCategory":null},{"id":2,"productNumber":3,"categoryCode":"T-shrit","productName":"shrit001","productPrice":5000,"productStock":30,"productDesc":"dev","productDate":"2020-02-02T00:00:00.000Z","productHits":100,"createdAt":"2022-02-24T06:52:49.242Z","updatedAt":"2022-02-24T06:52:49.242Z","deletedAt":null,"ProductCategoryId":null,"ProductCategory":null},{"id":1,"productNumber":1,"categoryCode":"short_shrit","productName":"shrit002","productPrice":5000,"productStock":30,"productDesc":"dev","productDate":"2020-02-03T00:00:00.000Z","productHits":100,"createdAt":"2022-02-24T05:57:39.879Z","updatedAt":"2022-02-24T05:57:39.879Z","deletedAt":null,"ProductCategoryId":null,"ProductCategory":null}]}
2022-02-24 20:19:16.906[info] DB connection success
2022-02-24 20:19:16.987[info] Sequelize sync success
