2022-02-28 09:59:15.719[info] DB connection success
2022-02-28 09:59:15.759[info] Sequelize sync success
2022-02-28 10:11:24.024[info] DB connection success
2022-02-28 10:11:24.130[info] Sequelize sync success
2022-02-28 10:12:07.739[info] (user.reg.params1) {"userId":"yechan1","userPassword":"1","userName":"예찬1","userPhone":"010","userEmail":"이메일1","userNickname":"닉네임1","userProfile":"프로필이미지","emailCheck":"y","userGender":"1","userRole":"1","userGrade":"실버"}
2022-02-28 10:12:07.744[info] (./lib/hashUtil/makePasswordHash<encryptedPassword>) 3cvl/zNqtCJCVab7Y47WxmkxqISujfpdxLaW5djuFUX/h8z3DhHSCkShbeGS8U9Zb5nRDsUEghuiUC6wYdqLhQ==.76e76522ff69e7d727e61af93e426cb4b33e712aa67c025a6e677a92d9e1b86f500c526dfae599ed11ff51ad8667a0b3264d91ae20f61915c0aef99f79d54dd0
2022-02-28 10:12:07.746[debug] (userService.makePasswordHash) "3cvl/zNqtCJCVab7Y47WxmkxqISujfpdxLaW5djuFUX/h8z3DhHSCkShbeGS8U9Zb5nRDsUEghuiUC6wYdqLhQ==.76e76522ff69e7d727e61af93e426cb4b33e712aa67c025a6e677a92d9e1b86f500c526dfae599ed11ff51ad8667a0b3264d91ae20f61915c0aef99f79d54dd0"
2022-02-28 10:12:07.843[debug] (userService.reg) {"id":1,"userId":"yechan1","userName":"예찬1","userPhone":"010","userEmail":"이메일1","userNickname":"닉네임1","userProfile":"프로필이미지","emailCheck":"y","userGender":1,"userRole":1,"userGrade":"실버","userAddress1":null,"userAddress2":null,"userAddress3":null,"updatedAt":"2022-02-28T01:12:07.749Z","createdAt":"2022-02-28T01:12:07.749Z","deletedAt":null}
2022-02-28 10:12:07.845[info] (user.reg.result2) {"id":1,"userId":"yechan1","userName":"예찬1","userPhone":"010","userEmail":"이메일1","userNickname":"닉네임1","userProfile":"프로필이미지","emailCheck":"y","userGender":1,"userRole":1,"userGrade":"실버","userAddress1":null,"userAddress2":null,"userAddress3":null,"updatedAt":"2022-02-28T01:12:07.749Z","createdAt":"2022-02-28T01:12:07.749Z","deletedAt":null}
2022-02-28 10:17:41.947[info] DB connection success
2022-02-28 10:17:41.984[info] Sequelize sync success
2022-02-28 10:21:50.952[info] DB connection success
2022-02-28 10:21:50.986[info] Sequelize sync success
2022-02-28 10:22:10.588[info] DB connection success
2022-02-28 10:22:10.626[info] Sequelize sync success
2022-02-28 10:23:03.640[info] DB connection success
2022-02-28 10:23:03.678[info] Sequelize sync success
2022-02-28 10:23:05.546[info] (auth.token.params) {"userId":"yechan1","userPassword":"1"}
2022-02-28 10:23:05.558[error] (userService.login) SequelizeDatabaseError: "userid" 이름의 칼럼은 없습니다
2022-02-28 10:23:20.506[info] DB connection success
2022-02-28 10:23:20.543[info] Sequelize sync success
2022-02-28 10:23:21.776[info] (auth.token.params) {"userId":"yechan1","userPassword":"1"}
2022-02-28 10:23:21.787[error] (userService.login) SequelizeDatabaseError: "userid" 이름의 칼럼은 없습니다
2022-02-28 10:24:15.512[info] DB connection success
2022-02-28 10:24:15.562[info] Sequelize sync success
2022-02-28 10:24:16.132[info] (auth.token.params) {"userId":"yechan1","userPassword":"1"}
2022-02-28 10:24:16.145[info] (userService.login) {"id":1,"userId":"yechan1","userPassword":"3cvl/zNqtCJCVab7Y47WxmkxqISujfpdxLaW5djuFUX/h8z3DhHSCkShbeGS8U9Zb5nRDsUEghuiUC6wYdqLhQ==.76e76522ff69e7d727e61af93e426cb4b33e712aa67c025a6e677a92d9e1b86f500c526dfae599ed11ff51ad8667a0b3264d91ae20f61915c0aef99f79d54dd0","userName":"예찬1","userRole":1}
2022-02-28 10:24:16.148[error] (userService.checkPassword) Error: Not allowed null (password)..
2022-02-28 10:26:56.411[info] DB connection success
2022-02-28 10:26:56.449[info] Sequelize sync success
2022-02-28 10:29:38.436[info] DB connection success
2022-02-28 10:29:38.468[info] Sequelize sync success
2022-02-28 10:29:45.151[info] (auth.token.params) {"userId":"yechan1","userPassword":"1"}
2022-02-28 10:29:45.162[info] (userService.login) {"id":1,"userId":"yechan1","userPassword":"3cvl/zNqtCJCVab7Y47WxmkxqISujfpdxLaW5djuFUX/h8z3DhHSCkShbeGS8U9Zb5nRDsUEghuiUC6wYdqLhQ==.76e76522ff69e7d727e61af93e426cb4b33e712aa67c025a6e677a92d9e1b86f500c526dfae599ed11ff51ad8667a0b3264d91ae20f61915c0aef99f79d54dd0","userName":"예찬1","userRole":1}
2022-02-28 10:29:45.166[debug] (userService.checkPassword) true
2022-02-28 10:29:45.167[info] (auth.token.result) {"id":1,"userId":"yechan1","userPassword":"3cvl/zNqtCJCVab7Y47WxmkxqISujfpdxLaW5djuFUX/h8z3DhHSCkShbeGS8U9Zb5nRDsUEghuiUC6wYdqLhQ==.76e76522ff69e7d727e61af93e426cb4b33e712aa67c025a6e677a92d9e1b86f500c526dfae599ed11ff51ad8667a0b3264d91ae20f61915c0aef99f79d54dd0","userName":"예찬1","userRole":1}
2022-02-28 11:11:41.820[info] DB connection success
2022-02-28 11:11:41.867[info] Sequelize sync success
2022-02-28 11:28:07.037[info] DB connection success
2022-02-28 11:28:07.079[info] Sequelize sync success
2022-02-28 11:29:49.674[info] DB connection success
2022-02-28 11:29:49.718[info] Sequelize sync success
