2022-02-25 09:42:52.210[info] DB connection success
2022-02-25 09:42:52.243[info] Sequelize sync success
2022-02-25 10:33:40.700[info] DB connection success
2022-02-25 10:33:40.735[info] Sequelize sync success
2022-02-25 10:33:41.681[info] (userorder.list.params) {}
2022-02-25 10:33:41.694[debug] (userorderService.list) {"count":0,"rows":[]}
2022-02-25 10:33:41.695[info] (userorder.list.result) {"count":0,"rows":[]}
2022-02-25 10:34:36.148[info] DB connection success
2022-02-25 10:34:36.185[info] Sequelize sync success
2022-02-25 10:34:37.866[info] (userorder.list.params) {}
2022-02-25 10:34:37.878[debug] (userorderService.list) {"count":0,"rows":[]}
2022-02-25 10:34:37.879[info] (userorder.list.result) {"count":0,"rows":[]}
2022-02-25 10:35:20.758[info] DB connection success
2022-02-25 10:35:20.792[info] Sequelize sync success
2022-02-25 10:35:22.710[info] (userorder.reg.params1) {"userId":"유저아이디3","orderDate":"2020-02-02","address1":"배송지우편번호","address2":"배송지주소","address3":"배송지상세주소","receiverName":"받는사람","receiverPhone":"받는사람연락처","orderNumber":"1"}
2022-02-25 10:35:22.727[debug] (userorderService.reg) {"id":1,"userId":"유저아이디3","orderDate":"2020-02-02T00:00:00.000Z","address1":"배송지우편번호","address2":"배송지주소","address3":"배송지상세주소","receiverName":"받는사람","receiverPhone":"받는사람연락처","orderNumber":1,"updatedAt":"2022-02-25T01:35:22.715Z","createdAt":"2022-02-25T01:35:22.715Z","deletedAt":null}
2022-02-25 10:35:22.729[info] (userorder.reg.result2) {"id":1,"userId":"유저아이디3","orderDate":"2020-02-02T00:00:00.000Z","address1":"배송지우편번호","address2":"배송지주소","address3":"배송지상세주소","receiverName":"받는사람","receiverPhone":"받는사람연락처","orderNumber":1,"updatedAt":"2022-02-25T01:35:22.715Z","createdAt":"2022-02-25T01:35:22.715Z","deletedAt":null}
2022-02-25 10:35:29.805[info] (userorder.list.params) {}
2022-02-25 10:35:29.820[debug] (userorderService.list) {"count":1,"rows":[{"id":1,"orderNumber":1,"userId":"유저아이디3","orderDate":"2020-02-02T00:00:00.000Z","address1":"배송지우편번호","address2":"배송지주소","address3":"배송지상세주소","receiverName":"받는사람","receiverPhone":"받는사람연락처","createdAt":"2022-02-25T01:35:22.715Z","updatedAt":"2022-02-25T01:35:22.715Z","deletedAt":null}]}
2022-02-25 10:35:29.822[info] (userorder.list.result) {"count":1,"rows":[{"id":1,"orderNumber":1,"userId":"유저아이디3","orderDate":"2020-02-02T00:00:00.000Z","address1":"배송지우편번호","address2":"배송지주소","address3":"배송지상세주소","receiverName":"받는사람","receiverPhone":"받는사람연락처","createdAt":"2022-02-25T01:35:22.715Z","updatedAt":"2022-02-25T01:35:22.715Z","deletedAt":null}]}
2022-02-25 10:37:54.441[info] (userorder.list.params) {}
2022-02-25 10:37:54.539[debug] (userorderService.list) {"count":1,"rows":[{"id":1,"orderNumber":1,"userId":"유저아이디3","orderDate":"2020-02-02T00:00:00.000Z","address1":"배송지우편번호","address2":"배송지주소","address3":"배송지상세주소","receiverName":"받는사람","receiverPhone":"받는사람연락처","createdAt":"2022-02-25T01:35:22.715Z","updatedAt":"2022-02-25T01:35:22.715Z","deletedAt":null}]}
2022-02-25 10:37:54.540[info] (userorder.list.result) {"count":1,"rows":[{"id":1,"orderNumber":1,"userId":"유저아이디3","orderDate":"2020-02-02T00:00:00.000Z","address1":"배송지우편번호","address2":"배송지주소","address3":"배송지상세주소","receiverName":"받는사람","receiverPhone":"받는사람연락처","createdAt":"2022-02-25T01:35:22.715Z","updatedAt":"2022-02-25T01:35:22.715Z","deletedAt":null}]}
2022-02-25 10:41:18.062[info] (userorder.list.params) {}
2022-02-25 10:41:18.170[debug] (userorderService.list) {"count":1,"rows":[{"id":1,"orderNumber":1,"userId":"유저아이디3","orderDate":"2020-02-02T00:00:00.000Z","address1":"배송지우편번호","address2":"배송지주소","address3":"배송지상세주소","receiverName":"받는사람","receiverPhone":"받는사람연락처","createdAt":"2022-02-25T01:35:22.715Z","updatedAt":"2022-02-25T01:35:22.715Z","deletedAt":null}]}
2022-02-25 10:41:18.171[info] (userorder.list.result) {"count":1,"rows":[{"id":1,"orderNumber":1,"userId":"유저아이디3","orderDate":"2020-02-02T00:00:00.000Z","address1":"배송지우편번호","address2":"배송지주소","address3":"배송지상세주소","receiverName":"받는사람","receiverPhone":"받는사람연락처","createdAt":"2022-02-25T01:35:22.715Z","updatedAt":"2022-02-25T01:35:22.715Z","deletedAt":null}]}
2022-02-25 10:41:27.074[info] (userorder.reg.params1) {"userId":"유저아이디4","orderDate":"2020-02-02","address1":"배송지우편번호","address2":"배송지주소","address3":"배송지상세주소","receiverName":"받는사람","receiverPhone":"받는사람연락처","orderNumber":"1"}
2022-02-25 10:41:27.083[error] (userorderService.reg) SequelizeUniqueConstraintError: 중복된 키 값이 "user_orders_order_number_key" 고유 제약 조건을 위반함
2022-02-25 10:41:44.140[info] (user.list.params) {}
2022-02-25 10:41:44.236[debug] (userService.list) {"count":2,"rows":[{"id":3,"userId":"유저아이디4","userPassword":"jPkB86e49eCe8exg/9Ng4TK4hrGYbdTiu28PC1IgBJ4z0ks2XUurNNEKkXDb+59b/QQPgUJI/gTHLgru7FphFQ==.595ab38529305d5e4e24691250f46522fbcd7650d03c25cc8261365b45cd268b7a8c216b0b30abd2211c1f94a56a87965bc81b1a6125c8c65487d1d72981652a","userName":"유저이름4","userPhone":"유저전화4","userEmail":"이메일4","userNickname":"이름4","userProfile":"프로필이미지","emailCheck":"y","userGender":1,"userRole":1,"userGrade":"실버","userAddress1":null,"userAddress2":null,"userAddress3":null,"createdAt":"2022-02-24T11:48:03.327Z","updatedAt":"2022-02-24T11:48:03.327Z","deletedAt":null},{"id":1,"userId":"유저아이디3","userPassword":"R3RX8kf6rV+Rl5g74l2HAVkq4XvkbMQd3eevmeiVtHKUC/wQEYbUB05GV/MdMSBZ2v8wgkaSvJK+pziX9gB1Mw==.3542c4ebac0dce3718b2c6dcff9c5903716785a9d7cb7bd72c2fba2f6bef1a373a7443658dbbc5fd5454f9450ed98d951653ce4b8774082f166ece0600b3bbe8","userName":"유저이름3","userPhone":"유저전화3","userEmail":"이메일3","userNickname":"이름3","userProfile":"프로필이미지","emailCheck":"y","userGender":1,"userRole":1,"userGrade":"실버","userAddress1":null,"userAddress2":null,"userAddress3":null,"createdAt":"2022-02-24T11:41:44.456Z","updatedAt":"2022-02-24T11:41:44.456Z","deletedAt":null}]}
2022-02-25 10:41:44.239[info] (user.list.result) {"count":2,"rows":[{"id":3,"userId":"유저아이디4","userPassword":"jPkB86e49eCe8exg/9Ng4TK4hrGYbdTiu28PC1IgBJ4z0ks2XUurNNEKkXDb+59b/QQPgUJI/gTHLgru7FphFQ==.595ab38529305d5e4e24691250f46522fbcd7650d03c25cc8261365b45cd268b7a8c216b0b30abd2211c1f94a56a87965bc81b1a6125c8c65487d1d72981652a","userName":"유저이름4","userPhone":"유저전화4","userEmail":"이메일4","userNickname":"이름4","userProfile":"프로필이미지","emailCheck":"y","userGender":1,"userRole":1,"userGrade":"실버","userAddress1":null,"userAddress2":null,"userAddress3":null,"createdAt":"2022-02-24T11:48:03.327Z","updatedAt":"2022-02-24T11:48:03.327Z","deletedAt":null},{"id":1,"userId":"유저아이디3","userPassword":"R3RX8kf6rV+Rl5g74l2HAVkq4XvkbMQd3eevmeiVtHKUC/wQEYbUB05GV/MdMSBZ2v8wgkaSvJK+pziX9gB1Mw==.3542c4ebac0dce3718b2c6dcff9c5903716785a9d7cb7bd72c2fba2f6bef1a373a7443658dbbc5fd5454f9450ed98d951653ce4b8774082f166ece0600b3bbe8","userName":"유저이름3","userPhone":"유저전화3","userEmail":"이메일3","userNickname":"이름3","userProfile":"프로필이미지","emailCheck":"y","userGender":1,"userRole":1,"userGrade":"실버","userAddress1":null,"userAddress2":null,"userAddress3":null,"createdAt":"2022-02-24T11:41:44.456Z","updatedAt":"2022-02-24T11:41:44.456Z","deletedAt":null}]}
2022-02-25 10:41:53.719[info] (userorder.reg.params1) {"userId":"유저아이디4","orderDate":"2020-02-02","address1":"배송지우편번호","address2":"배송지주소","address3":"배송지상세주소","receiverName":"받는사람","receiverPhone":"받는사람연락처","orderNumber":"2"}
2022-02-25 10:41:53.729[debug] (userorderService.reg) {"id":3,"userId":"유저아이디4","orderDate":"2020-02-02T00:00:00.000Z","address1":"배송지우편번호","address2":"배송지주소","address3":"배송지상세주소","receiverName":"받는사람","receiverPhone":"받는사람연락처","orderNumber":2,"updatedAt":"2022-02-25T01:41:53.721Z","createdAt":"2022-02-25T01:41:53.721Z","deletedAt":null}
2022-02-25 10:41:53.730[info] (userorder.reg.result2) {"id":3,"userId":"유저아이디4","orderDate":"2020-02-02T00:00:00.000Z","address1":"배송지우편번호","address2":"배송지주소","address3":"배송지상세주소","receiverName":"받는사람","receiverPhone":"받는사람연락처","orderNumber":2,"updatedAt":"2022-02-25T01:41:53.721Z","createdAt":"2022-02-25T01:41:53.721Z","deletedAt":null}
2022-02-25 10:42:00.930[info] (userorder.reg.params1) {"userId":"유저아이디5","orderDate":"2020-02-02","address1":"배송지우편번호","address2":"배송지주소","address3":"배송지상세주소","receiverName":"받는사람","receiverPhone":"받는사람연락처","orderNumber":"3"}
2022-02-25 10:42:00.940[error] (userorderService.reg) SequelizeForeignKeyConstraintError: "user_orders" 테이블에서 자료 추가, 갱신 작업이 "user_orders_user_id_fkey" 참조키(foreign key) 제약 조건을 위배했습니다
2022-02-25 10:45:30.141[info] DB connection success
2022-02-25 10:45:30.178[info] Sequelize sync success
2022-02-25 10:45:39.913[info] (userorder.list.params) {}
2022-02-25 10:45:39.930[debug] (userorderService.list) {"count":2,"rows":[{"id":3,"orderNumber":2,"userId":"유저아이디4","orderDate":"2020-02-02T00:00:00.000Z","address1":"배송지우편번호","address2":"배송지주소","address3":"배송지상세주소","receiverName":"받는사람","receiverPhone":"받는사람연락처","createdAt":"2022-02-25T01:41:53.721Z","updatedAt":"2022-02-25T01:41:53.721Z","deletedAt":null},{"id":1,"orderNumber":1,"userId":"유저아이디3","orderDate":"2020-02-02T00:00:00.000Z","address1":"배송지우편번호","address2":"배송지주소","address3":"배송지상세주소","receiverName":"받는사람","receiverPhone":"받는사람연락처","createdAt":"2022-02-25T01:35:22.715Z","updatedAt":"2022-02-25T01:35:22.715Z","deletedAt":null}]}
2022-02-25 10:45:39.932[info] (userorder.list.result) {"count":2,"rows":[{"id":3,"orderNumber":2,"userId":"유저아이디4","orderDate":"2020-02-02T00:00:00.000Z","address1":"배송지우편번호","address2":"배송지주소","address3":"배송지상세주소","receiverName":"받는사람","receiverPhone":"받는사람연락처","createdAt":"2022-02-25T01:41:53.721Z","updatedAt":"2022-02-25T01:41:53.721Z","deletedAt":null},{"id":1,"orderNumber":1,"userId":"유저아이디3","orderDate":"2020-02-02T00:00:00.000Z","address1":"배송지우편번호","address2":"배송지주소","address3":"배송지상세주소","receiverName":"받는사람","receiverPhone":"받는사람연락처","createdAt":"2022-02-25T01:35:22.715Z","updatedAt":"2022-02-25T01:35:22.715Z","deletedAt":null}]}
2022-02-25 10:45:50.888[info] (userorder.info.params) {"id":"1"}
2022-02-25 10:45:50.953[debug] (userorderService.info) {"id":1,"orderNumber":1,"userId":"유저아이디3","orderDate":"2020-02-02T00:00:00.000Z","address1":"배송지우편번호","address2":"배송지주소","address3":"배송지상세주소","receiverName":"받는사람","receiverPhone":"받는사람연락처","createdAt":"2022-02-25T01:35:22.715Z","updatedAt":"2022-02-25T01:35:22.715Z","deletedAt":null}
2022-02-25 10:45:50.955[info] (userorder.info.result) {"id":1,"orderNumber":1,"userId":"유저아이디3","orderDate":"2020-02-02T00:00:00.000Z","address1":"배송지우편번호","address2":"배송지주소","address3":"배송지상세주소","receiverName":"받는사람","receiverPhone":"받는사람연락처","createdAt":"2022-02-25T01:35:22.715Z","updatedAt":"2022-02-25T01:35:22.715Z","deletedAt":null}
2022-02-25 10:45:53.758[info] (userorder.info.params) {"id":"2"}
2022-02-25 10:45:53.761[debug] (userorderService.info) null
2022-02-25 10:45:53.762[info] (userorder.info.result) null
2022-02-25 10:45:56.346[info] (userorder.info.params) {"id":"3"}
2022-02-25 10:45:56.350[debug] (userorderService.info) {"id":3,"orderNumber":2,"userId":"유저아이디4","orderDate":"2020-02-02T00:00:00.000Z","address1":"배송지우편번호","address2":"배송지주소","address3":"배송지상세주소","receiverName":"받는사람","receiverPhone":"받는사람연락처","createdAt":"2022-02-25T01:41:53.721Z","updatedAt":"2022-02-25T01:41:53.721Z","deletedAt":null}
2022-02-25 10:45:56.351[info] (userorder.info.result) {"id":3,"orderNumber":2,"userId":"유저아이디4","orderDate":"2020-02-02T00:00:00.000Z","address1":"배송지우편번호","address2":"배송지주소","address3":"배송지상세주소","receiverName":"받는사람","receiverPhone":"받는사람연락처","createdAt":"2022-02-25T01:41:53.721Z","updatedAt":"2022-02-25T01:41:53.721Z","deletedAt":null}
2022-02-25 10:46:48.214[info] (userorder.reg.params1) {"userId":"유저아이디4","orderDate":"2020-02-02","address1":"배송지우편번호","address2":"배송지주소","address3":"배송지상세주소","receiverName":"받는사람","receiverPhone":"받는사람연락처","orderNumber":"3"}
2022-02-25 10:46:48.293[debug] (userorderService.reg) {"id":5,"userId":"유저아이디4","orderDate":"2020-02-02T00:00:00.000Z","address1":"배송지우편번호","address2":"배송지주소","address3":"배송지상세주소","receiverName":"받는사람","receiverPhone":"받는사람연락처","orderNumber":3,"updatedAt":"2022-02-25T01:46:48.217Z","createdAt":"2022-02-25T01:46:48.217Z","deletedAt":null}
2022-02-25 10:46:48.295[info] (userorder.reg.result2) {"id":5,"userId":"유저아이디4","orderDate":"2020-02-02T00:00:00.000Z","address1":"배송지우편번호","address2":"배송지주소","address3":"배송지상세주소","receiverName":"받는사람","receiverPhone":"받는사람연락처","orderNumber":3,"updatedAt":"2022-02-25T01:46:48.217Z","createdAt":"2022-02-25T01:46:48.217Z","deletedAt":null}
2022-02-25 10:48:09.927[info] (userorder.reg.params1) {"userId":"유저아이디4","orderDate":"2020-02-02","address1":"배송지우편번호","address2":"배송지주소","address3":"배송지상세주소","receiverName":"받는사람","receiverPhone":"받는사람연락처","orderNumber":"4"}
2022-02-25 10:48:09.999[debug] (userorderService.reg) {"id":6,"userId":"유저아이디4","orderDate":"2020-02-02T00:00:00.000Z","address1":"배송지우편번호","address2":"배송지주소","address3":"배송지상세주소","receiverName":"받는사람","receiverPhone":"받는사람연락처","orderNumber":4,"updatedAt":"2022-02-25T01:48:09.929Z","createdAt":"2022-02-25T01:48:09.929Z","deletedAt":null}
2022-02-25 10:48:10.000[info] (userorder.reg.result2) {"id":6,"userId":"유저아이디4","orderDate":"2020-02-02T00:00:00.000Z","address1":"배송지우편번호","address2":"배송지주소","address3":"배송지상세주소","receiverName":"받는사람","receiverPhone":"받는사람연락처","orderNumber":4,"updatedAt":"2022-02-25T01:48:09.929Z","createdAt":"2022-02-25T01:48:09.929Z","deletedAt":null}
2022-02-25 10:48:50.245[info] DB connection success
2022-02-25 10:48:50.321[info] Sequelize sync success
2022-02-25 10:49:15.891[info] (user.reg.params1) {"userId":"유저아이디1","userPassword":"1123123123","userName":"유저이름1","userPhone":"유저전화1","userEmail":"이메일1","userNickname":"이름1","userProfile":"프로필이미지","emailCheck":"y","userGender":"1","userRole":"1","userGrade":"실버"}
2022-02-25 10:49:15.895[info] (./lib/hashUtil/makePasswordHash<encryptedPassword>) khJUuSxQqjkpkbnW1ONDCCxKZf1Z53TnZ91bsZAbZCYyNwjekec2m4OHyDjLVo7fnhhIu5PpkDxdSN1uAnqw1g==.1f463b72d749405c6708cbe1d084c89731de2c56e3e70bd2942cdcb5b5ecbded892dcecfb2db544b92ede04852f11322a6cc83ce9d8be05825ffa9c33759e9e9
2022-02-25 10:49:15.897[debug] (userService.makePasswordHash) "khJUuSxQqjkpkbnW1ONDCCxKZf1Z53TnZ91bsZAbZCYyNwjekec2m4OHyDjLVo7fnhhIu5PpkDxdSN1uAnqw1g==.1f463b72d749405c6708cbe1d084c89731de2c56e3e70bd2942cdcb5b5ecbded892dcecfb2db544b92ede04852f11322a6cc83ce9d8be05825ffa9c33759e9e9"
2022-02-25 10:49:15.979[debug] (userService.reg) {"id":1,"userId":"유저아이디1","userName":"유저이름1","userPhone":"유저전화1","userEmail":"이메일1","userNickname":"이름1","userProfile":"프로필이미지","emailCheck":"y","userGender":1,"userRole":1,"userGrade":"실버","userAddress1":null,"userAddress2":null,"userAddress3":null,"updatedAt":"2022-02-25T01:49:15.900Z","createdAt":"2022-02-25T01:49:15.900Z","deletedAt":null}
2022-02-25 10:49:15.982[info] (user.reg.result2) {"id":1,"userId":"유저아이디1","userName":"유저이름1","userPhone":"유저전화1","userEmail":"이메일1","userNickname":"이름1","userProfile":"프로필이미지","emailCheck":"y","userGender":1,"userRole":1,"userGrade":"실버","userAddress1":null,"userAddress2":null,"userAddress3":null,"updatedAt":"2022-02-25T01:49:15.900Z","createdAt":"2022-02-25T01:49:15.900Z","deletedAt":null}
2022-02-25 10:49:24.945[info] (user.reg.params1) {"userId":"유저아이디2","userPassword":"1123123123","userName":"유저이름2","userPhone":"유저전화2","userEmail":"이메일2","userNickname":"이름2","userProfile":"프로필이미지","emailCheck":"y","userGender":"1","userRole":"1","userGrade":"실버"}
2022-02-25 10:49:24.948[info] (./lib/hashUtil/makePasswordHash<encryptedPassword>) jueZFL6/ymQND6gTue1x5/RIchJcvd9LUWCoDzcXNdOy80/TiZqX3EIoCANHHT0Uj6a2lFSh+D5/1pm/S/E0yQ==.d642dd4eaf0e3b82948eb84925b161f8ed776160474057dd98441b8611a02176413c04d0f87db67064bf5905577db809bca1e8812fbfc99fa3881699c0adfca8
2022-02-25 10:49:24.949[debug] (userService.makePasswordHash) "jueZFL6/ymQND6gTue1x5/RIchJcvd9LUWCoDzcXNdOy80/TiZqX3EIoCANHHT0Uj6a2lFSh+D5/1pm/S/E0yQ==.d642dd4eaf0e3b82948eb84925b161f8ed776160474057dd98441b8611a02176413c04d0f87db67064bf5905577db809bca1e8812fbfc99fa3881699c0adfca8"
2022-02-25 10:49:24.957[debug] (userService.reg) {"id":2,"userId":"유저아이디2","userName":"유저이름2","userPhone":"유저전화2","userEmail":"이메일2","userNickname":"이름2","userProfile":"프로필이미지","emailCheck":"y","userGender":1,"userRole":1,"userGrade":"실버","userAddress1":null,"userAddress2":null,"userAddress3":null,"updatedAt":"2022-02-25T01:49:24.951Z","createdAt":"2022-02-25T01:49:24.951Z","deletedAt":null}
2022-02-25 10:49:24.958[info] (user.reg.result2) {"id":2,"userId":"유저아이디2","userName":"유저이름2","userPhone":"유저전화2","userEmail":"이메일2","userNickname":"이름2","userProfile":"프로필이미지","emailCheck":"y","userGender":1,"userRole":1,"userGrade":"실버","userAddress1":null,"userAddress2":null,"userAddress3":null,"updatedAt":"2022-02-25T01:49:24.951Z","createdAt":"2022-02-25T01:49:24.951Z","deletedAt":null}
2022-02-25 10:49:29.117[info] (user.list.params) {}
2022-02-25 10:49:29.130[debug] (userService.list) {"count":2,"rows":[{"id":2,"userId":"유저아이디2","userPassword":"jueZFL6/ymQND6gTue1x5/RIchJcvd9LUWCoDzcXNdOy80/TiZqX3EIoCANHHT0Uj6a2lFSh+D5/1pm/S/E0yQ==.d642dd4eaf0e3b82948eb84925b161f8ed776160474057dd98441b8611a02176413c04d0f87db67064bf5905577db809bca1e8812fbfc99fa3881699c0adfca8","userName":"유저이름2","userPhone":"유저전화2","userEmail":"이메일2","userNickname":"이름2","userProfile":"프로필이미지","emailCheck":"y","userGender":1,"userRole":1,"userGrade":"실버","userAddress1":null,"userAddress2":null,"userAddress3":null,"createdAt":"2022-02-25T01:49:24.951Z","updatedAt":"2022-02-25T01:49:24.951Z","deletedAt":null},{"id":1,"userId":"유저아이디1","userPassword":"khJUuSxQqjkpkbnW1ONDCCxKZf1Z53TnZ91bsZAbZCYyNwjekec2m4OHyDjLVo7fnhhIu5PpkDxdSN1uAnqw1g==.1f463b72d749405c6708cbe1d084c89731de2c56e3e70bd2942cdcb5b5ecbded892dcecfb2db544b92ede04852f11322a6cc83ce9d8be05825ffa9c33759e9e9","userName":"유저이름1","userPhone":"유저전화1","userEmail":"이메일1","userNickname":"이름1","userProfile":"프로필이미지","emailCheck":"y","userGender":1,"userRole":1,"userGrade":"실버","userAddress1":null,"userAddress2":null,"userAddress3":null,"createdAt":"2022-02-25T01:49:15.900Z","updatedAt":"2022-02-25T01:49:15.900Z","deletedAt":null}]}
2022-02-25 10:49:29.135[info] (user.list.result) {"count":2,"rows":[{"id":2,"userId":"유저아이디2","userPassword":"jueZFL6/ymQND6gTue1x5/RIchJcvd9LUWCoDzcXNdOy80/TiZqX3EIoCANHHT0Uj6a2lFSh+D5/1pm/S/E0yQ==.d642dd4eaf0e3b82948eb84925b161f8ed776160474057dd98441b8611a02176413c04d0f87db67064bf5905577db809bca1e8812fbfc99fa3881699c0adfca8","userName":"유저이름2","userPhone":"유저전화2","userEmail":"이메일2","userNickname":"이름2","userProfile":"프로필이미지","emailCheck":"y","userGender":1,"userRole":1,"userGrade":"실버","userAddress1":null,"userAddress2":null,"userAddress3":null,"createdAt":"2022-02-25T01:49:24.951Z","updatedAt":"2022-02-25T01:49:24.951Z","deletedAt":null},{"id":1,"userId":"유저아이디1","userPassword":"khJUuSxQqjkpkbnW1ONDCCxKZf1Z53TnZ91bsZAbZCYyNwjekec2m4OHyDjLVo7fnhhIu5PpkDxdSN1uAnqw1g==.1f463b72d749405c6708cbe1d084c89731de2c56e3e70bd2942cdcb5b5ecbded892dcecfb2db544b92ede04852f11322a6cc83ce9d8be05825ffa9c33759e9e9","userName":"유저이름1","userPhone":"유저전화1","userEmail":"이메일1","userNickname":"이름1","userProfile":"프로필이미지","emailCheck":"y","userGender":1,"userRole":1,"userGrade":"실버","userAddress1":null,"userAddress2":null,"userAddress3":null,"createdAt":"2022-02-25T01:49:15.900Z","updatedAt":"2022-02-25T01:49:15.900Z","deletedAt":null}]}
2022-02-25 10:49:35.023[info] (userorder.reg.params1) {"userId":"유저아이디4","orderDate":"2020-02-02","address1":"배송지우편번호","address2":"배송지주소","address3":"배송지상세주소","receiverName":"받는사람","receiverPhone":"받는사람연락처","orderNumber":"4"}
2022-02-25 10:49:35.035[error] (userorderService.reg) SequelizeForeignKeyConstraintError: "user_orders" 테이블에서 자료 추가, 갱신 작업이 "user_orders_user_id_fkey" 참조키(foreign key) 제약 조건을 위배했습니다
2022-02-25 10:49:37.543[info] (userorder.list.params) {}
2022-02-25 10:49:37.549[debug] (userorderService.list) {"count":0,"rows":[]}
2022-02-25 10:49:37.550[info] (userorder.list.result) {"count":0,"rows":[]}
2022-02-25 10:49:46.401[info] (userorder.reg.params1) {"userId":"유저아이디1","orderDate":"2020-02-02","address1":"배송지우편번호","address2":"배송지주소","address3":"배송지상세주소","receiverName":"받는사람","receiverPhone":"받는사람연락처","orderNumber":"1"}
2022-02-25 10:49:46.410[debug] (userorderService.reg) {"id":2,"userId":"유저아이디1","orderDate":"2020-02-02T00:00:00.000Z","address1":"배송지우편번호","address2":"배송지주소","address3":"배송지상세주소","receiverName":"받는사람","receiverPhone":"받는사람연락처","orderNumber":1,"updatedAt":"2022-02-25T01:49:46.404Z","createdAt":"2022-02-25T01:49:46.404Z","deletedAt":null}
2022-02-25 10:49:46.412[info] (userorder.reg.result2) {"id":2,"userId":"유저아이디1","orderDate":"2020-02-02T00:00:00.000Z","address1":"배송지우편번호","address2":"배송지주소","address3":"배송지상세주소","receiverName":"받는사람","receiverPhone":"받는사람연락처","orderNumber":1,"updatedAt":"2022-02-25T01:49:46.404Z","createdAt":"2022-02-25T01:49:46.404Z","deletedAt":null}
2022-02-25 10:49:56.963[info] (userorder.reg.params1) {"userId":"유저아이디2","orderDate":"2020-02-02","address1":"배송지우편번호","address2":"배송지주소","address3":"배송지상세주소","receiverName":"받는사람","receiverPhone":"받는사람연락처","orderNumber":"2"}
2022-02-25 10:49:56.970[debug] (userorderService.reg) {"id":3,"userId":"유저아이디2","orderDate":"2020-02-02T00:00:00.000Z","address1":"배송지우편번호","address2":"배송지주소","address3":"배송지상세주소","receiverName":"받는사람","receiverPhone":"받는사람연락처","orderNumber":2,"updatedAt":"2022-02-25T01:49:56.964Z","createdAt":"2022-02-25T01:49:56.964Z","deletedAt":null}
2022-02-25 10:49:56.972[info] (userorder.reg.result2) {"id":3,"userId":"유저아이디2","orderDate":"2020-02-02T00:00:00.000Z","address1":"배송지우편번호","address2":"배송지주소","address3":"배송지상세주소","receiverName":"받는사람","receiverPhone":"받는사람연락처","orderNumber":2,"updatedAt":"2022-02-25T01:49:56.964Z","createdAt":"2022-02-25T01:49:56.964Z","deletedAt":null}
2022-02-25 10:50:20.755[info] (userorder.reg.params1) {"userId":"유저아이디2","orderDate":"2020-02-02","address1":"배송지우편번호","address2":"배송지주소","address3":"배송지상세주소","receiverName":"받는사람","receiverPhone":"받는사람연락처","orderNumber":"3"}
2022-02-25 10:50:20.820[debug] (userorderService.reg) {"id":4,"userId":"유저아이디2","orderDate":"2020-02-02T00:00:00.000Z","address1":"배송지우편번호","address2":"배송지주소","address3":"배송지상세주소","receiverName":"받는사람","receiverPhone":"받는사람연락처","orderNumber":3,"updatedAt":"2022-02-25T01:50:20.756Z","createdAt":"2022-02-25T01:50:20.756Z","deletedAt":null}
2022-02-25 10:50:20.822[info] (userorder.reg.result2) {"id":4,"userId":"유저아이디2","orderDate":"2020-02-02T00:00:00.000Z","address1":"배송지우편번호","address2":"배송지주소","address3":"배송지상세주소","receiverName":"받는사람","receiverPhone":"받는사람연락처","orderNumber":3,"updatedAt":"2022-02-25T01:50:20.756Z","createdAt":"2022-02-25T01:50:20.756Z","deletedAt":null}
2022-02-25 10:50:26.296[info] (userorder.reg.params1) {"userId":"유저아이디1","orderDate":"2020-02-02","address1":"배송지우편번호","address2":"배송지주소","address3":"배송지상세주소","receiverName":"받는사람","receiverPhone":"받는사람연락처","orderNumber":"4"}
2022-02-25 10:50:26.304[debug] (userorderService.reg) {"id":5,"userId":"유저아이디1","orderDate":"2020-02-02T00:00:00.000Z","address1":"배송지우편번호","address2":"배송지주소","address3":"배송지상세주소","receiverName":"받는사람","receiverPhone":"받는사람연락처","orderNumber":4,"updatedAt":"2022-02-25T01:50:26.298Z","createdAt":"2022-02-25T01:50:26.298Z","deletedAt":null}
2022-02-25 10:50:26.305[info] (userorder.reg.result2) {"id":5,"userId":"유저아이디1","orderDate":"2020-02-02T00:00:00.000Z","address1":"배송지우편번호","address2":"배송지주소","address3":"배송지상세주소","receiverName":"받는사람","receiverPhone":"받는사람연락처","orderNumber":4,"updatedAt":"2022-02-25T01:50:26.298Z","createdAt":"2022-02-25T01:50:26.298Z","deletedAt":null}
2022-02-25 11:12:15.645[info] DB connection success
2022-02-25 11:12:15.684[info] Sequelize sync success
2022-02-25 11:13:21.944[info] DB connection success
2022-02-25 11:13:22.005[info] Sequelize sync success
2022-02-25 11:13:42.608[info] (user.reg.params1) {"userId":"유저아이디2","userPassword":"1123123123","userName":"유저이름2","userPhone":"유저전화2","userEmail":"이메일2","userNickname":"이름2","userProfile":"프로필이미지","emailCheck":"y","userGender":"1","userRole":"1","userGrade":"실버"}
2022-02-25 11:13:42.612[info] (./lib/hashUtil/makePasswordHash<encryptedPassword>) YuJYWDeAifbybTw2c5HqxxTjFTBbLNBgfbVizEdPnM7uG6T/h/mSWyFLQAMnoGcoUee6r389LgAKpQmNLVPodg==.02e03c3d19a2addb2d61eff89fa695f86424c1b3073b8565f06f8d876af900e44441ff0004eac67209d666d01dbce800f3ee998593b01cee552d9a3029fa7e91
2022-02-25 11:13:42.614[debug] (userService.makePasswordHash) "YuJYWDeAifbybTw2c5HqxxTjFTBbLNBgfbVizEdPnM7uG6T/h/mSWyFLQAMnoGcoUee6r389LgAKpQmNLVPodg==.02e03c3d19a2addb2d61eff89fa695f86424c1b3073b8565f06f8d876af900e44441ff0004eac67209d666d01dbce800f3ee998593b01cee552d9a3029fa7e91"
2022-02-25 11:13:42.703[debug] (userService.reg) {"id":1,"userId":"유저아이디2","userName":"유저이름2","userPhone":"유저전화2","userEmail":"이메일2","userNickname":"이름2","userProfile":"프로필이미지","emailCheck":"y","userGender":1,"userRole":1,"userGrade":"실버","userAddress1":null,"userAddress2":null,"userAddress3":null,"updatedAt":"2022-02-25T02:13:42.617Z","createdAt":"2022-02-25T02:13:42.617Z","deletedAt":null}
2022-02-25 11:13:42.705[info] (user.reg.result2) {"id":1,"userId":"유저아이디2","userName":"유저이름2","userPhone":"유저전화2","userEmail":"이메일2","userNickname":"이름2","userProfile":"프로필이미지","emailCheck":"y","userGender":1,"userRole":1,"userGrade":"실버","userAddress1":null,"userAddress2":null,"userAddress3":null,"updatedAt":"2022-02-25T02:13:42.617Z","createdAt":"2022-02-25T02:13:42.617Z","deletedAt":null}
2022-02-25 11:13:53.717[info] (userorder.reg.params1) {"userId":"유저아이디2","orderDate":"2020-02-02","address1":"배송지우편번호","address2":"배송지주소","address3":"배송지상세주소","receiverName":"받는사람","receiverPhone":"받는사람연락처"}
2022-02-25 11:13:53.794[error] (userorderService.reg) SequelizeDatabaseError: "id" 칼럼(해당 릴레이션 "user_orders")의 null 값이 not null 제약조건을 위반했습니다.
2022-02-25 11:14:04.578[info] (userorder.reg.params1) {"userId":"유저아이디2","orderDate":"2020-02-02","address1":"배송지우편번호","address2":"배송지주소","address3":"배송지상세주소","receiverName":"받는사람","receiverPhone":"받는사람연락처","orderNumber":"4"}
2022-02-25 11:14:04.642[error] (userorderService.reg) SequelizeDatabaseError: "id" 칼럼(해당 릴레이션 "user_orders")의 null 값이 not null 제약조건을 위반했습니다.
2022-02-25 13:02:25.230[info] (userorder.list.params) {}
2022-02-25 13:02:25.424[debug] (userorderService.list) {"count":0,"rows":[]}
2022-02-25 13:02:25.425[info] (userorder.list.result) {"count":0,"rows":[]}
2022-02-25 13:02:48.217[info] (user.reg.params1) {"userId":"유저아이디3","userPassword":"1123123123","userName":"유저이름2","userPhone":"유저전화2","userEmail":"이메일2","userNickname":"이름2","userProfile":"프로필이미지","emailCheck":"y","userGender":"1","userRole":"1","userGrade":"실버"}
2022-02-25 13:02:48.221[info] (./lib/hashUtil/makePasswordHash<encryptedPassword>) +U6f4BVGLACFn6eFxED12cAdQLB+wTYde2PIaPeA3HKgwElDUGYeSBXpm7wh6luT4UYPMxcwjhcIBumMyCuRTw==.a668fc3f7cc26678611a60234a40dcd1df7626981bfd93c2c2bde230bcfa9943f77decfdf4f6e8e4a6ab0e0646f642cbfbedd160cc774c8445ba5549484883dc
2022-02-25 13:02:48.223[debug] (userService.makePasswordHash) "+U6f4BVGLACFn6eFxED12cAdQLB+wTYde2PIaPeA3HKgwElDUGYeSBXpm7wh6luT4UYPMxcwjhcIBumMyCuRTw==.a668fc3f7cc26678611a60234a40dcd1df7626981bfd93c2c2bde230bcfa9943f77decfdf4f6e8e4a6ab0e0646f642cbfbedd160cc774c8445ba5549484883dc"
2022-02-25 13:02:48.289[error] (userService.reg) SequelizeUniqueConstraintError: 중복된 키 값이 "users_user_nickname_key" 고유 제약 조건을 위반함
2022-02-25 13:02:56.548[info] (user.reg.params1) {"userId":"유저아이디3","userPassword":"1123123123","userName":"유저이름3","userPhone":"유저전화3","userEmail":"이메일3","userNickname":"이름3","userProfile":"프로필이미지","emailCheck":"y","userGender":"1","userRole":"1","userGrade":"실버"}
2022-02-25 13:02:56.551[info] (./lib/hashUtil/makePasswordHash<encryptedPassword>) vaOJ+wDjnECUE0B4cUXvk/USTeNlF6BtapWyysuZ44jKCS6wb4e2ePdxXdyShsIvt6+A6m2Jn+DAH5bNOPKxrA==.80b80433d8b0de42a5ca1a9275ae01aa9b3c86fa47e5524ee4805a8847525d95a90563f3643d505d4b225618bb01ce680ef937ea54848bccf8498b8e3f6add65
2022-02-25 13:02:56.552[debug] (userService.makePasswordHash) "vaOJ+wDjnECUE0B4cUXvk/USTeNlF6BtapWyysuZ44jKCS6wb4e2ePdxXdyShsIvt6+A6m2Jn+DAH5bNOPKxrA==.80b80433d8b0de42a5ca1a9275ae01aa9b3c86fa47e5524ee4805a8847525d95a90563f3643d505d4b225618bb01ce680ef937ea54848bccf8498b8e3f6add65"
2022-02-25 13:02:56.559[debug] (userService.reg) {"id":3,"userId":"유저아이디3","userName":"유저이름3","userPhone":"유저전화3","userEmail":"이메일3","userNickname":"이름3","userProfile":"프로필이미지","emailCheck":"y","userGender":1,"userRole":1,"userGrade":"실버","userAddress1":null,"userAddress2":null,"userAddress3":null,"updatedAt":"2022-02-25T04:02:56.553Z","createdAt":"2022-02-25T04:02:56.553Z","deletedAt":null}
2022-02-25 13:02:56.561[info] (user.reg.result2) {"id":3,"userId":"유저아이디3","userName":"유저이름3","userPhone":"유저전화3","userEmail":"이메일3","userNickname":"이름3","userProfile":"프로필이미지","emailCheck":"y","userGender":1,"userRole":1,"userGrade":"실버","userAddress1":null,"userAddress2":null,"userAddress3":null,"updatedAt":"2022-02-25T04:02:56.553Z","createdAt":"2022-02-25T04:02:56.553Z","deletedAt":null}
2022-02-25 13:03:04.556[info] (user.reg.params1) {"userId":"유저아이디4","userPassword":"1123123123","userName":"유저이름4","userPhone":"유저전화4","userEmail":"이메일4","userNickname":"이름4","userProfile":"프로필이미지","emailCheck":"y","userGender":"1","userRole":"1","userGrade":"실버"}
2022-02-25 13:03:04.559[info] (./lib/hashUtil/makePasswordHash<encryptedPassword>) 3i8X9JbXO6aX+L0N8Nf3EtMBZ5oXd4tKD4EtkWar33Pab/PYKlTbzv/W80yBjfxpTfpoBrgN3RcgX3NOXX0Dnw==.943dd84a32da6e303e65293e5dbf5e7f716532dc86d92f3a23227be2142bf1d187262072d16d191489ce340501c921d052033b82a830439d7888f585f2a13a46
2022-02-25 13:03:04.561[debug] (userService.makePasswordHash) "3i8X9JbXO6aX+L0N8Nf3EtMBZ5oXd4tKD4EtkWar33Pab/PYKlTbzv/W80yBjfxpTfpoBrgN3RcgX3NOXX0Dnw==.943dd84a32da6e303e65293e5dbf5e7f716532dc86d92f3a23227be2142bf1d187262072d16d191489ce340501c921d052033b82a830439d7888f585f2a13a46"
2022-02-25 13:03:04.569[debug] (userService.reg) {"id":4,"userId":"유저아이디4","userName":"유저이름4","userPhone":"유저전화4","userEmail":"이메일4","userNickname":"이름4","userProfile":"프로필이미지","emailCheck":"y","userGender":1,"userRole":1,"userGrade":"실버","userAddress1":null,"userAddress2":null,"userAddress3":null,"updatedAt":"2022-02-25T04:03:04.563Z","createdAt":"2022-02-25T04:03:04.563Z","deletedAt":null}
2022-02-25 13:03:04.570[info] (user.reg.result2) {"id":4,"userId":"유저아이디4","userName":"유저이름4","userPhone":"유저전화4","userEmail":"이메일4","userNickname":"이름4","userProfile":"프로필이미지","emailCheck":"y","userGender":1,"userRole":1,"userGrade":"실버","userAddress1":null,"userAddress2":null,"userAddress3":null,"updatedAt":"2022-02-25T04:03:04.563Z","createdAt":"2022-02-25T04:03:04.563Z","deletedAt":null}
2022-02-25 13:03:18.117[info] (userorder.reg.params1) {"userId":"유저아이디1","orderDate":"2020-02-02","address1":"배송지우편번호","address2":"배송지주소","address3":"배송지상세주소","receiverName":"받는사람","receiverPhone":"받는사람연락처"}
2022-02-25 13:03:18.186[error] (userorderService.reg) SequelizeDatabaseError: "id" 칼럼(해당 릴레이션 "user_orders")의 null 값이 not null 제약조건을 위반했습니다.
2022-02-25 13:06:07.886[info] (userorder.reg.params1) {"userId":"유저아이디1","orderDate":"2020-02-02","address1":"배송지우편번호","address2":"배송지주소","address3":"배송지상세주소","receiverName":"받는사람","receiverPhone":"받는사람연락처"}
2022-02-25 13:06:07.952[error] (userorderService.reg) SequelizeDatabaseError: "id" 칼럼(해당 릴레이션 "user_orders")의 null 값이 not null 제약조건을 위반했습니다.
2022-02-25 13:06:20.858[info] (userorder.reg.params1) {"userId":"유저아이디1","orderDate":"2020-02-02","address1":"배송지우편번호","address2":"배송지주소","address3":"배송지상세주소","receiverName":"받는사람","receiverPhone":"받는사람연락처","orderNumber":"1"}
2022-02-25 13:06:20.918[error] (userorderService.reg) SequelizeDatabaseError: "id" 칼럼(해당 릴레이션 "user_orders")의 null 값이 not null 제약조건을 위반했습니다.
2022-02-25 13:06:42.777[info] (userorder.reg.params1) {"userId":"유저아이디1","orderDate":"2020-02-02","address1":"배송지우편번호","address2":"배송지주소","address3":"배송지상세주소","receiverName":"받는사람","receiverPhone":"받는사람연락처","orderNumber":"1"}
2022-02-25 13:06:42.837[error] (userorderService.reg) SequelizeDatabaseError: "id" 칼럼(해당 릴레이션 "user_orders")의 null 값이 not null 제약조건을 위반했습니다.
2022-02-25 13:08:05.779[info] (userorder.reg.params1) {"userId":"유저아이디1","orderDate":"2020-02-02","address1":"배송지우편번호","address2":"배송지주소","address3":"배송지상세주소","receiverName":"받는사람","receiverPhone":"받는사람연락처","orderNumber":"1"}
2022-02-25 13:08:05.839[error] (userorderService.reg) SequelizeDatabaseError: "id" 칼럼(해당 릴레이션 "user_orders")의 null 값이 not null 제약조건을 위반했습니다.
2022-02-25 13:09:36.890[info] DB connection success
2022-02-25 13:09:36.926[info] Sequelize sync success
2022-02-25 13:09:41.791[info] (userorder.reg.params1) {"userId":"유저아이디1","orderDate":"2020-02-02","address1":"배송지우편번호","address2":"배송지주소","address3":"배송지상세주소","receiverName":"받는사람","receiverPhone":"받는사람연락처","orderNumber":"1"}
2022-02-25 13:09:41.810[error] (userorderService.reg) SequelizeDatabaseError: "id" 칼럼(해당 릴레이션 "user_orders")의 null 값이 not null 제약조건을 위반했습니다.
2022-02-25 13:09:46.968[info] (userorder.reg.params1) {"userId":"유저아이디1","orderDate":"2020-02-02","address1":"배송지우편번호","address2":"배송지주소","address3":"배송지상세주소","receiverName":"받는사람","receiverPhone":"받는사람연락처"}
2022-02-25 13:09:46.974[error] (userorderService.reg) SequelizeDatabaseError: "id" 칼럼(해당 릴레이션 "user_orders")의 null 값이 not null 제약조건을 위반했습니다.
2022-02-25 13:13:55.561[info] DB connection success
2022-02-25 13:13:55.628[info] Sequelize sync success
2022-02-25 13:14:39.931[info] (userorder.reg.params1) {"userId":"유저아이디1","orderDate":"2020-02-02","address1":"배송지우편번호","address2":"배송지주소","address3":"배송지상세주소","receiverName":"받는사람","receiverPhone":"받는사람연락처"}
2022-02-25 13:14:40.011[error] (userorderService.reg) SequelizeForeignKeyConstraintError: "user_orders" 테이블에서 자료 추가, 갱신 작업이 "user_orders_user_id_fkey" 참조키(foreign key) 제약 조건을 위배했습니다
2022-02-25 13:14:55.642[info] (user.reg.params1) {"userId":"유저아이디1","userPassword":"1123123123","userName":"유저이름1","userPhone":"유저전화1","userEmail":"이메일1","userNickname":"이름1","userProfile":"프로필이미지","emailCheck":"y","userGender":"1","userRole":"1","userGrade":"실버"}
2022-02-25 13:14:55.668[info] (./lib/hashUtil/makePasswordHash<encryptedPassword>) uj1/t5TzBRonzCkTLlfkPO4AXFHaLm9hD+zpNMOfOBVdZFeW4c0+DSqsZQ7uDc77N4RWu6czfLl+4D1iscvbaQ==.b5fd0bf8193c0da5e64a3c6f77caf4349afac72b1ad4fbf40428fecbc72cb6bbc109a1bb7cc98da50fbd1a8d066eb4db9d50db89f362601ef1649097b4167f3d
2022-02-25 13:14:55.685[debug] (userService.makePasswordHash) "uj1/t5TzBRonzCkTLlfkPO4AXFHaLm9hD+zpNMOfOBVdZFeW4c0+DSqsZQ7uDc77N4RWu6czfLl+4D1iscvbaQ==.b5fd0bf8193c0da5e64a3c6f77caf4349afac72b1ad4fbf40428fecbc72cb6bbc109a1bb7cc98da50fbd1a8d066eb4db9d50db89f362601ef1649097b4167f3d"
2022-02-25 13:14:55.823[debug] (userService.reg) {"id":1,"userId":"유저아이디1","userName":"유저이름1","userPhone":"유저전화1","userEmail":"이메일1","userNickname":"이름1","userProfile":"프로필이미지","emailCheck":"y","userGender":1,"userRole":1,"userGrade":"실버","userAddress1":null,"userAddress2":null,"userAddress3":null,"updatedAt":"2022-02-25T04:14:55.693Z","createdAt":"2022-02-25T04:14:55.693Z","deletedAt":null}
2022-02-25 13:14:55.826[info] (user.reg.result2) {"id":1,"userId":"유저아이디1","userName":"유저이름1","userPhone":"유저전화1","userEmail":"이메일1","userNickname":"이름1","userProfile":"프로필이미지","emailCheck":"y","userGender":1,"userRole":1,"userGrade":"실버","userAddress1":null,"userAddress2":null,"userAddress3":null,"updatedAt":"2022-02-25T04:14:55.693Z","createdAt":"2022-02-25T04:14:55.693Z","deletedAt":null}
2022-02-25 13:15:02.157[info] (user.reg.params1) {"userId":"유저아이디2","userPassword":"1123123123","userName":"유저이름2","userPhone":"유저전화2","userEmail":"이메일2","userNickname":"이름2","userProfile":"프로필이미지","emailCheck":"y","userGender":"1","userRole":"1","userGrade":"실버"}
2022-02-25 13:15:02.159[info] (./lib/hashUtil/makePasswordHash<encryptedPassword>) CHh+sCv/NEVHUOLIJKC3ZAcXh6NNUlgsf26LleZCgb0KB6mgfTGUmd59hKa6Ecrf50KJoVQeF6nd1Jl2TJksJQ==.aec3d142d12dc7028b81504c7209b93850b286c098569421893b462fa2cc40bf939131ff9c344264a6d769b61024970764b01e9ce06e73eeec22c13e1b6640ca
2022-02-25 13:15:02.160[debug] (userService.makePasswordHash) "CHh+sCv/NEVHUOLIJKC3ZAcXh6NNUlgsf26LleZCgb0KB6mgfTGUmd59hKa6Ecrf50KJoVQeF6nd1Jl2TJksJQ==.aec3d142d12dc7028b81504c7209b93850b286c098569421893b462fa2cc40bf939131ff9c344264a6d769b61024970764b01e9ce06e73eeec22c13e1b6640ca"
2022-02-25 13:15:02.164[debug] (userService.reg) {"id":2,"userId":"유저아이디2","userName":"유저이름2","userPhone":"유저전화2","userEmail":"이메일2","userNickname":"이름2","userProfile":"프로필이미지","emailCheck":"y","userGender":1,"userRole":1,"userGrade":"실버","userAddress1":null,"userAddress2":null,"userAddress3":null,"updatedAt":"2022-02-25T04:15:02.161Z","createdAt":"2022-02-25T04:15:02.161Z","deletedAt":null}
2022-02-25 13:15:02.165[info] (user.reg.result2) {"id":2,"userId":"유저아이디2","userName":"유저이름2","userPhone":"유저전화2","userEmail":"이메일2","userNickname":"이름2","userProfile":"프로필이미지","emailCheck":"y","userGender":1,"userRole":1,"userGrade":"실버","userAddress1":null,"userAddress2":null,"userAddress3":null,"updatedAt":"2022-02-25T04:15:02.161Z","createdAt":"2022-02-25T04:15:02.161Z","deletedAt":null}
2022-02-25 13:15:09.564[info] (user.reg.params1) {"userId":"유저아이디3","userPassword":"1123123123","userName":"유저이름3","userPhone":"유저전화3","userEmail":"이메일3","userNickname":"이름3","userProfile":"프로필이미지","emailCheck":"y","userGender":"1","userRole":"1","userGrade":"실버"}
2022-02-25 13:15:09.567[info] (./lib/hashUtil/makePasswordHash<encryptedPassword>) VLHPjSngfHm7YnaLGfZPW1H9x4y4JtbgFTjY7wfygOTWHTpYoUL0BK4D9sAxHfmnJx7j3s8nNF4Pu4bIXTb8bA==.5cd217321ce674d7a54f2240f3155cbb217db5429cd742f3f1dbb30811ff8365efdee8de1e79c821de5e4137127848b8fff31104dac751e43786cf8f839c0d04
2022-02-25 13:15:09.569[debug] (userService.makePasswordHash) "VLHPjSngfHm7YnaLGfZPW1H9x4y4JtbgFTjY7wfygOTWHTpYoUL0BK4D9sAxHfmnJx7j3s8nNF4Pu4bIXTb8bA==.5cd217321ce674d7a54f2240f3155cbb217db5429cd742f3f1dbb30811ff8365efdee8de1e79c821de5e4137127848b8fff31104dac751e43786cf8f839c0d04"
2022-02-25 13:15:09.576[debug] (userService.reg) {"id":3,"userId":"유저아이디3","userName":"유저이름3","userPhone":"유저전화3","userEmail":"이메일3","userNickname":"이름3","userProfile":"프로필이미지","emailCheck":"y","userGender":1,"userRole":1,"userGrade":"실버","userAddress1":null,"userAddress2":null,"userAddress3":null,"updatedAt":"2022-02-25T04:15:09.570Z","createdAt":"2022-02-25T04:15:09.570Z","deletedAt":null}
2022-02-25 13:15:09.578[info] (user.reg.result2) {"id":3,"userId":"유저아이디3","userName":"유저이름3","userPhone":"유저전화3","userEmail":"이메일3","userNickname":"이름3","userProfile":"프로필이미지","emailCheck":"y","userGender":1,"userRole":1,"userGrade":"실버","userAddress1":null,"userAddress2":null,"userAddress3":null,"updatedAt":"2022-02-25T04:15:09.570Z","createdAt":"2022-02-25T04:15:09.570Z","deletedAt":null}
2022-02-25 13:15:16.307[info] (user.reg.params1) {"userId":"유저아이디4","userPassword":"1123123123","userName":"유저이름4","userPhone":"유저전화4","userEmail":"이메일4","userNickname":"이름4","userProfile":"프로필이미지","emailCheck":"y","userGender":"1","userRole":"1","userGrade":"실버"}
2022-02-25 13:15:16.311[info] (./lib/hashUtil/makePasswordHash<encryptedPassword>) bvwkSo/ev40SKfq+fVOIt8WoXefO/HE5XXEtkp35JcQvRXQj7FRZFMa63AEPqGnHcqHJd9lc+wZQq7pPY0xUxg==.733643eb1816b2ad3a10304c7cef77e46d297036210a8b43d69d7d0ef1b7a5bd76fa678e80cc502a20be6c7aa5aec0f458abd8627b1e96165d81da36a4dfdbb9
2022-02-25 13:15:16.312[debug] (userService.makePasswordHash) "bvwkSo/ev40SKfq+fVOIt8WoXefO/HE5XXEtkp35JcQvRXQj7FRZFMa63AEPqGnHcqHJd9lc+wZQq7pPY0xUxg==.733643eb1816b2ad3a10304c7cef77e46d297036210a8b43d69d7d0ef1b7a5bd76fa678e80cc502a20be6c7aa5aec0f458abd8627b1e96165d81da36a4dfdbb9"
2022-02-25 13:15:16.321[debug] (userService.reg) {"id":4,"userId":"유저아이디4","userName":"유저이름4","userPhone":"유저전화4","userEmail":"이메일4","userNickname":"이름4","userProfile":"프로필이미지","emailCheck":"y","userGender":1,"userRole":1,"userGrade":"실버","userAddress1":null,"userAddress2":null,"userAddress3":null,"updatedAt":"2022-02-25T04:15:16.314Z","createdAt":"2022-02-25T04:15:16.314Z","deletedAt":null}
2022-02-25 13:15:16.324[info] (user.reg.result2) {"id":4,"userId":"유저아이디4","userName":"유저이름4","userPhone":"유저전화4","userEmail":"이메일4","userNickname":"이름4","userProfile":"프로필이미지","emailCheck":"y","userGender":1,"userRole":1,"userGrade":"실버","userAddress1":null,"userAddress2":null,"userAddress3":null,"updatedAt":"2022-02-25T04:15:16.314Z","createdAt":"2022-02-25T04:15:16.314Z","deletedAt":null}
2022-02-25 13:15:20.025[info] (user.list.params) {}
2022-02-25 13:15:20.037[debug] (userService.list) {"count":4,"rows":[{"id":4,"userId":"유저아이디4","userPassword":"bvwkSo/ev40SKfq+fVOIt8WoXefO/HE5XXEtkp35JcQvRXQj7FRZFMa63AEPqGnHcqHJd9lc+wZQq7pPY0xUxg==.733643eb1816b2ad3a10304c7cef77e46d297036210a8b43d69d7d0ef1b7a5bd76fa678e80cc502a20be6c7aa5aec0f458abd8627b1e96165d81da36a4dfdbb9","userName":"유저이름4","userPhone":"유저전화4","userEmail":"이메일4","userNickname":"이름4","userProfile":"프로필이미지","emailCheck":"y","userGender":1,"userRole":1,"userGrade":"실버","userAddress1":null,"userAddress2":null,"userAddress3":null,"createdAt":"2022-02-25T04:15:16.314Z","updatedAt":"2022-02-25T04:15:16.314Z","deletedAt":null},{"id":3,"userId":"유저아이디3","userPassword":"VLHPjSngfHm7YnaLGfZPW1H9x4y4JtbgFTjY7wfygOTWHTpYoUL0BK4D9sAxHfmnJx7j3s8nNF4Pu4bIXTb8bA==.5cd217321ce674d7a54f2240f3155cbb217db5429cd742f3f1dbb30811ff8365efdee8de1e79c821de5e4137127848b8fff31104dac751e43786cf8f839c0d04","userName":"유저이름3","userPhone":"유저전화3","userEmail":"이메일3","userNickname":"이름3","userProfile":"프로필이미지","emailCheck":"y","userGender":1,"userRole":1,"userGrade":"실버","userAddress1":null,"userAddress2":null,"userAddress3":null,"createdAt":"2022-02-25T04:15:09.570Z","updatedAt":"2022-02-25T04:15:09.570Z","deletedAt":null},{"id":2,"userId":"유저아이디2","userPassword":"CHh+sCv/NEVHUOLIJKC3ZAcXh6NNUlgsf26LleZCgb0KB6mgfTGUmd59hKa6Ecrf50KJoVQeF6nd1Jl2TJksJQ==.aec3d142d12dc7028b81504c7209b93850b286c098569421893b462fa2cc40bf939131ff9c344264a6d769b61024970764b01e9ce06e73eeec22c13e1b6640ca","userName":"유저이름2","userPhone":"유저전화2","userEmail":"이메일2","userNickname":"이름2","userProfile":"프로필이미지","emailCheck":"y","userGender":1,"userRole":1,"userGrade":"실버","userAddress1":null,"userAddress2":null,"userAddress3":null,"createdAt":"2022-02-25T04:15:02.161Z","updatedAt":"2022-02-25T04:15:02.161Z","deletedAt":null},{"id":1,"userId":"유저아이디1","userPassword":"uj1/t5TzBRonzCkTLlfkPO4AXFHaLm9hD+zpNMOfOBVdZFeW4c0+DSqsZQ7uDc77N4RWu6czfLl+4D1iscvbaQ==.b5fd0bf8193c0da5e64a3c6f77caf4349afac72b1ad4fbf40428fecbc72cb6bbc109a1bb7cc98da50fbd1a8d066eb4db9d50db89f362601ef1649097b4167f3d","userName":"유저이름1","userPhone":"유저전화1","userEmail":"이메일1","userNickname":"이름1","userProfile":"프로필이미지","emailCheck":"y","userGender":1,"userRole":1,"userGrade":"실버","userAddress1":null,"userAddress2":null,"userAddress3":null,"createdAt":"2022-02-25T04:14:55.693Z","updatedAt":"2022-02-25T04:14:55.693Z","deletedAt":null}]}
2022-02-25 13:15:20.043[info] (user.list.result) {"count":4,"rows":[{"id":4,"userId":"유저아이디4","userPassword":"bvwkSo/ev40SKfq+fVOIt8WoXefO/HE5XXEtkp35JcQvRXQj7FRZFMa63AEPqGnHcqHJd9lc+wZQq7pPY0xUxg==.733643eb1816b2ad3a10304c7cef77e46d297036210a8b43d69d7d0ef1b7a5bd76fa678e80cc502a20be6c7aa5aec0f458abd8627b1e96165d81da36a4dfdbb9","userName":"유저이름4","userPhone":"유저전화4","userEmail":"이메일4","userNickname":"이름4","userProfile":"프로필이미지","emailCheck":"y","userGender":1,"userRole":1,"userGrade":"실버","userAddress1":null,"userAddress2":null,"userAddress3":null,"createdAt":"2022-02-25T04:15:16.314Z","updatedAt":"2022-02-25T04:15:16.314Z","deletedAt":null},{"id":3,"userId":"유저아이디3","userPassword":"VLHPjSngfHm7YnaLGfZPW1H9x4y4JtbgFTjY7wfygOTWHTpYoUL0BK4D9sAxHfmnJx7j3s8nNF4Pu4bIXTb8bA==.5cd217321ce674d7a54f2240f3155cbb217db5429cd742f3f1dbb30811ff8365efdee8de1e79c821de5e4137127848b8fff31104dac751e43786cf8f839c0d04","userName":"유저이름3","userPhone":"유저전화3","userEmail":"이메일3","userNickname":"이름3","userProfile":"프로필이미지","emailCheck":"y","userGender":1,"userRole":1,"userGrade":"실버","userAddress1":null,"userAddress2":null,"userAddress3":null,"createdAt":"2022-02-25T04:15:09.570Z","updatedAt":"2022-02-25T04:15:09.570Z","deletedAt":null},{"id":2,"userId":"유저아이디2","userPassword":"CHh+sCv/NEVHUOLIJKC3ZAcXh6NNUlgsf26LleZCgb0KB6mgfTGUmd59hKa6Ecrf50KJoVQeF6nd1Jl2TJksJQ==.aec3d142d12dc7028b81504c7209b93850b286c098569421893b462fa2cc40bf939131ff9c344264a6d769b61024970764b01e9ce06e73eeec22c13e1b6640ca","userName":"유저이름2","userPhone":"유저전화2","userEmail":"이메일2","userNickname":"이름2","userProfile":"프로필이미지","emailCheck":"y","userGender":1,"userRole":1,"userGrade":"실버","userAddress1":null,"userAddress2":null,"userAddress3":null,"createdAt":"2022-02-25T04:15:02.161Z","updatedAt":"2022-02-25T04:15:02.161Z","deletedAt":null},{"id":1,"userId":"유저아이디1","userPassword":"uj1/t5TzBRonzCkTLlfkPO4AXFHaLm9hD+zpNMOfOBVdZFeW4c0+DSqsZQ7uDc77N4RWu6czfLl+4D1iscvbaQ==.b5fd0bf8193c0da5e64a3c6f77caf4349afac72b1ad4fbf40428fecbc72cb6bbc109a1bb7cc98da50fbd1a8d066eb4db9d50db89f362601ef1649097b4167f3d","userName":"유저이름1","userPhone":"유저전화1","userEmail":"이메일1","userNickname":"이름1","userProfile":"프로필이미지","emailCheck":"y","userGender":1,"userRole":1,"userGrade":"실버","userAddress1":null,"userAddress2":null,"userAddress3":null,"createdAt":"2022-02-25T04:14:55.693Z","updatedAt":"2022-02-25T04:14:55.693Z","deletedAt":null}]}
2022-02-25 13:15:27.767[info] (userorder.reg.params1) {"userId":"유저아이디1","orderDate":"2020-02-02","address1":"배송지우편번호","address2":"배송지주소","address3":"배송지상세주소","receiverName":"받는사람","receiverPhone":"받는사람연락처"}
2022-02-25 13:15:27.783[debug] (userorderService.reg) {"id":2,"userId":"유저아이디1","orderDate":"2020-02-02T00:00:00.000Z","address1":"배송지우편번호","address2":"배송지주소","address3":"배송지상세주소","receiverName":"받는사람","receiverPhone":"받는사람연락처","orderNumber":null,"updatedAt":"2022-02-25T04:15:27.770Z","createdAt":"2022-02-25T04:15:27.770Z","deletedAt":null}
2022-02-25 13:15:27.786[info] (userorder.reg.result2) {"id":2,"userId":"유저아이디1","orderDate":"2020-02-02T00:00:00.000Z","address1":"배송지우편번호","address2":"배송지주소","address3":"배송지상세주소","receiverName":"받는사람","receiverPhone":"받는사람연락처","orderNumber":null,"updatedAt":"2022-02-25T04:15:27.770Z","createdAt":"2022-02-25T04:15:27.770Z","deletedAt":null}
2022-02-25 13:15:32.023[info] (userorder.reg.params1) {"userId":"유저아이디2","orderDate":"2020-02-02","address1":"배송지우편번호","address2":"배송지주소","address3":"배송지상세주소","receiverName":"받는사람","receiverPhone":"받는사람연락처"}
2022-02-25 13:15:32.032[debug] (userorderService.reg) {"id":3,"userId":"유저아이디2","orderDate":"2020-02-02T00:00:00.000Z","address1":"배송지우편번호","address2":"배송지주소","address3":"배송지상세주소","receiverName":"받는사람","receiverPhone":"받는사람연락처","orderNumber":null,"updatedAt":"2022-02-25T04:15:32.026Z","createdAt":"2022-02-25T04:15:32.026Z","deletedAt":null}
2022-02-25 13:15:32.034[info] (userorder.reg.result2) {"id":3,"userId":"유저아이디2","orderDate":"2020-02-02T00:00:00.000Z","address1":"배송지우편번호","address2":"배송지주소","address3":"배송지상세주소","receiverName":"받는사람","receiverPhone":"받는사람연락처","orderNumber":null,"updatedAt":"2022-02-25T04:15:32.026Z","createdAt":"2022-02-25T04:15:32.026Z","deletedAt":null}
2022-02-25 13:15:34.751[info] (userorder.reg.params1) {"userId":"유저아이디3","orderDate":"2020-02-02","address1":"배송지우편번호","address2":"배송지주소","address3":"배송지상세주소","receiverName":"받는사람","receiverPhone":"받는사람연락처"}
2022-02-25 13:15:34.758[debug] (userorderService.reg) {"id":4,"userId":"유저아이디3","orderDate":"2020-02-02T00:00:00.000Z","address1":"배송지우편번호","address2":"배송지주소","address3":"배송지상세주소","receiverName":"받는사람","receiverPhone":"받는사람연락처","orderNumber":null,"updatedAt":"2022-02-25T04:15:34.752Z","createdAt":"2022-02-25T04:15:34.752Z","deletedAt":null}
2022-02-25 13:15:34.760[info] (userorder.reg.result2) {"id":4,"userId":"유저아이디3","orderDate":"2020-02-02T00:00:00.000Z","address1":"배송지우편번호","address2":"배송지주소","address3":"배송지상세주소","receiverName":"받는사람","receiverPhone":"받는사람연락처","orderNumber":null,"updatedAt":"2022-02-25T04:15:34.752Z","createdAt":"2022-02-25T04:15:34.752Z","deletedAt":null}
2022-02-25 13:15:37.717[info] (userorder.reg.params1) {"userId":"유저아이디4","orderDate":"2020-02-02","address1":"배송지우편번호","address2":"배송지주소","address3":"배송지상세주소","receiverName":"받는사람","receiverPhone":"받는사람연락처"}
2022-02-25 13:15:37.722[debug] (userorderService.reg) {"id":5,"userId":"유저아이디4","orderDate":"2020-02-02T00:00:00.000Z","address1":"배송지우편번호","address2":"배송지주소","address3":"배송지상세주소","receiverName":"받는사람","receiverPhone":"받는사람연락처","orderNumber":null,"updatedAt":"2022-02-25T04:15:37.718Z","createdAt":"2022-02-25T04:15:37.718Z","deletedAt":null}
2022-02-25 13:15:37.724[info] (userorder.reg.result2) {"id":5,"userId":"유저아이디4","orderDate":"2020-02-02T00:00:00.000Z","address1":"배송지우편번호","address2":"배송지주소","address3":"배송지상세주소","receiverName":"받는사람","receiverPhone":"받는사람연락처","orderNumber":null,"updatedAt":"2022-02-25T04:15:37.718Z","createdAt":"2022-02-25T04:15:37.718Z","deletedAt":null}
2022-02-25 13:15:41.540[info] (userorder.reg.params1) {"userId":"유저아이디1","orderDate":"2020-02-02","address1":"배송지우편번호","address2":"배송지주소","address3":"배송지상세주소","receiverName":"받는사람","receiverPhone":"받는사람연락처"}
2022-02-25 13:15:41.547[debug] (userorderService.reg) {"id":6,"userId":"유저아이디1","orderDate":"2020-02-02T00:00:00.000Z","address1":"배송지우편번호","address2":"배송지주소","address3":"배송지상세주소","receiverName":"받는사람","receiverPhone":"받는사람연락처","orderNumber":null,"updatedAt":"2022-02-25T04:15:41.541Z","createdAt":"2022-02-25T04:15:41.541Z","deletedAt":null}
2022-02-25 13:15:41.548[info] (userorder.reg.result2) {"id":6,"userId":"유저아이디1","orderDate":"2020-02-02T00:00:00.000Z","address1":"배송지우편번호","address2":"배송지주소","address3":"배송지상세주소","receiverName":"받는사람","receiverPhone":"받는사람연락처","orderNumber":null,"updatedAt":"2022-02-25T04:15:41.541Z","createdAt":"2022-02-25T04:15:41.541Z","deletedAt":null}
2022-02-25 13:15:45.082[info] (userorder.reg.params1) {"userId":"유저아이디1","orderDate":"2020-02-02","address1":"배송지우편번호","address2":"배송지주소","address3":"배송지상세주소","receiverName":"받는사람","receiverPhone":"받는사람연락처"}
2022-02-25 13:15:45.092[debug] (userorderService.reg) {"id":7,"userId":"유저아이디1","orderDate":"2020-02-02T00:00:00.000Z","address1":"배송지우편번호","address2":"배송지주소","address3":"배송지상세주소","receiverName":"받는사람","receiverPhone":"받는사람연락처","orderNumber":null,"updatedAt":"2022-02-25T04:15:45.086Z","createdAt":"2022-02-25T04:15:45.086Z","deletedAt":null}
2022-02-25 13:15:45.094[info] (userorder.reg.result2) {"id":7,"userId":"유저아이디1","orderDate":"2020-02-02T00:00:00.000Z","address1":"배송지우편번호","address2":"배송지주소","address3":"배송지상세주소","receiverName":"받는사람","receiverPhone":"받는사람연락처","orderNumber":null,"updatedAt":"2022-02-25T04:15:45.086Z","createdAt":"2022-02-25T04:15:45.086Z","deletedAt":null}
2022-02-25 13:15:48.245[info] (userorder.reg.params1) {"userId":"유저아이디3","orderDate":"2020-02-02","address1":"배송지우편번호","address2":"배송지주소","address3":"배송지상세주소","receiverName":"받는사람","receiverPhone":"받는사람연락처"}
2022-02-25 13:15:48.252[debug] (userorderService.reg) {"id":8,"userId":"유저아이디3","orderDate":"2020-02-02T00:00:00.000Z","address1":"배송지우편번호","address2":"배송지주소","address3":"배송지상세주소","receiverName":"받는사람","receiverPhone":"받는사람연락처","orderNumber":null,"updatedAt":"2022-02-25T04:15:48.247Z","createdAt":"2022-02-25T04:15:48.247Z","deletedAt":null}
2022-02-25 13:15:48.254[info] (userorder.reg.result2) {"id":8,"userId":"유저아이디3","orderDate":"2020-02-02T00:00:00.000Z","address1":"배송지우편번호","address2":"배송지주소","address3":"배송지상세주소","receiverName":"받는사람","receiverPhone":"받는사람연락처","orderNumber":null,"updatedAt":"2022-02-25T04:15:48.247Z","createdAt":"2022-02-25T04:15:48.247Z","deletedAt":null}
2022-02-25 13:15:51.574[info] (userorder.reg.params1) {"userId":"유저아이디4","orderDate":"2020-02-02","address1":"배송지우편번호","address2":"배송지주소","address3":"배송지상세주소","receiverName":"받는사람","receiverPhone":"받는사람연락처"}
2022-02-25 13:15:51.583[debug] (userorderService.reg) {"id":9,"userId":"유저아이디4","orderDate":"2020-02-02T00:00:00.000Z","address1":"배송지우편번호","address2":"배송지주소","address3":"배송지상세주소","receiverName":"받는사람","receiverPhone":"받는사람연락처","orderNumber":null,"updatedAt":"2022-02-25T04:15:51.576Z","createdAt":"2022-02-25T04:15:51.576Z","deletedAt":null}
2022-02-25 13:15:51.585[info] (userorder.reg.result2) {"id":9,"userId":"유저아이디4","orderDate":"2020-02-02T00:00:00.000Z","address1":"배송지우편번호","address2":"배송지주소","address3":"배송지상세주소","receiverName":"받는사람","receiverPhone":"받는사람연락처","orderNumber":null,"updatedAt":"2022-02-25T04:15:51.576Z","createdAt":"2022-02-25T04:15:51.576Z","deletedAt":null}
2022-02-25 14:34:25.748[info] (userorder.info.params) {"id":"3"}
2022-02-25 14:34:25.829[debug] (userorderService.info) {"id":3,"orderNumber":null,"userId":"유저아이디2","orderDate":"2020-02-02T00:00:00.000Z","address1":"배송지우편번호","address2":"배송지주소","address3":"배송지상세주소","receiverName":"받는사람","receiverPhone":"받는사람연락처","createdAt":"2022-02-25T04:15:32.026Z","updatedAt":"2022-02-25T04:15:32.026Z","deletedAt":null}
2022-02-25 14:34:25.831[info] (userorder.info.result) {"id":3,"orderNumber":null,"userId":"유저아이디2","orderDate":"2020-02-02T00:00:00.000Z","address1":"배송지우편번호","address2":"배송지주소","address3":"배송지상세주소","receiverName":"받는사람","receiverPhone":"받는사람연락처","createdAt":"2022-02-25T04:15:32.026Z","updatedAt":"2022-02-25T04:15:32.026Z","deletedAt":null}
2022-02-25 14:34:29.916[info] (userorder.info.params) {"id":"1"}
2022-02-25 14:34:29.921[debug] (userorderService.info) null
2022-02-25 14:34:29.921[info] (userorder.info.result) null
2022-02-25 14:34:32.646[info] (userorder.info.params) {"id":"2"}
2022-02-25 14:34:32.652[debug] (userorderService.info) {"id":2,"orderNumber":null,"userId":"유저아이디1","orderDate":"2020-02-02T00:00:00.000Z","address1":"배송지우편번호","address2":"배송지주소","address3":"배송지상세주소","receiverName":"받는사람","receiverPhone":"받는사람연락처","createdAt":"2022-02-25T04:15:27.770Z","updatedAt":"2022-02-25T04:15:27.770Z","deletedAt":null}
2022-02-25 14:34:32.654[info] (userorder.info.result) {"id":2,"orderNumber":null,"userId":"유저아이디1","orderDate":"2020-02-02T00:00:00.000Z","address1":"배송지우편번호","address2":"배송지주소","address3":"배송지상세주소","receiverName":"받는사람","receiverPhone":"받는사람연락처","createdAt":"2022-02-25T04:15:27.770Z","updatedAt":"2022-02-25T04:15:27.770Z","deletedAt":null}
2022-02-25 14:35:16.099[info] (userorder.info.params) {"id":"1"}
2022-02-25 14:35:16.167[debug] (userorderService.info) null
2022-02-25 14:35:16.168[info] (userorder.info.result) null
2022-02-25 14:35:17.854[info] (userorder.info.params) {"id":"2"}
2022-02-25 14:35:17.858[debug] (userorderService.info) {"id":2,"orderNumber":null,"userId":"유저아이디1","orderDate":"2020-02-02T00:00:00.000Z","address1":"배송지우편번호","address2":"배송지주소","address3":"배송지상세주소","receiverName":"받는사람","receiverPhone":"받는사람연락처","createdAt":"2022-02-25T04:15:27.770Z","updatedAt":"2022-02-25T04:15:27.770Z","deletedAt":null}
2022-02-25 14:35:17.859[info] (userorder.info.result) {"id":2,"orderNumber":null,"userId":"유저아이디1","orderDate":"2020-02-02T00:00:00.000Z","address1":"배송지우편번호","address2":"배송지주소","address3":"배송지상세주소","receiverName":"받는사람","receiverPhone":"받는사람연락처","createdAt":"2022-02-25T04:15:27.770Z","updatedAt":"2022-02-25T04:15:27.770Z","deletedAt":null}
2022-02-25 14:35:30.401[info] (userorder.update.params) {"userId":"유저아이디1"}
2022-02-25 14:35:30.477[debug] (userorderService.edit) {"updatedCount":3}
2022-02-25 14:35:30.479[info] (userorder.update.result) {"updatedCount":3}
2022-02-25 14:37:15.908[info] (userorder.info.params) {"id":"2"}
2022-02-25 14:37:15.989[debug] (userorderService.info) {"id":2,"orderNumber":null,"userId":"유저아이디1","orderDate":"2020-02-02T00:00:00.000Z","address1":"배송지우편번호","address2":"배송지주소","address3":"배송지상세주소","receiverName":"받는사람","receiverPhone":"받는사람연락처","createdAt":"2022-02-25T04:15:27.770Z","updatedAt":"2022-02-25T05:35:30.406Z","deletedAt":null}
2022-02-25 14:37:15.991[info] (userorder.info.result) {"id":2,"orderNumber":null,"userId":"유저아이디1","orderDate":"2020-02-02T00:00:00.000Z","address1":"배송지우편번호","address2":"배송지주소","address3":"배송지상세주소","receiverName":"받는사람","receiverPhone":"받는사람연락처","createdAt":"2022-02-25T04:15:27.770Z","updatedAt":"2022-02-25T05:35:30.406Z","deletedAt":null}
2022-02-25 14:37:20.895[info] (userorder.update.params) {"userId":"유저아이디1"}
2022-02-25 14:37:20.899[debug] (userorderService.edit) {"updatedCount":3}
2022-02-25 14:37:20.900[info] (userorder.update.result) {"updatedCount":3}
2022-02-25 14:37:42.911[info] (userorder.update.params) {"userId":"유저아이디4","orderDate":"2020-02-24","address1":"배송지우편번호","address2":"배송지주소","address3":"배송지상세주소","receiverName":"받는사람","receiverPhone":"받는사람연락처"}
2022-02-25 14:37:43.003[debug] (userorderService.edit) {"updatedCount":2}
2022-02-25 14:37:43.004[info] (userorder.update.result) {"updatedCount":2}
2022-02-25 14:37:49.411[info] (userorder.update.params) {"userId":"유저아이디4","orderDate":"2020-02-24","address1":"배송지우편번호","address2":"배송지주소","address3":"배송지상세주소","receiverName":"받는사람","receiverPhone":"받는사람연락처"}
2022-02-25 14:37:49.417[debug] (userorderService.edit) {"updatedCount":2}
2022-02-25 14:37:49.418[info] (userorder.update.result) {"updatedCount":2}
2022-02-25 14:37:52.405[info] (userorder.update.params) {"userId":"유저아이디4","orderDate":"2020-02-24","address1":"배송지우편번호","address2":"배송지주소","address3":"배송지상세주소","receiverName":"받는사람","receiverPhone":"받는사람연락처"}
2022-02-25 14:37:52.411[debug] (userorderService.edit) {"updatedCount":2}
2022-02-25 14:37:52.412[info] (userorder.update.result) {"updatedCount":2}
2022-02-25 14:37:55.339[info] (userorder.info.params) {"id":"2"}
2022-02-25 14:37:55.343[debug] (userorderService.info) {"id":2,"orderNumber":null,"userId":"유저아이디1","orderDate":"2020-02-02T00:00:00.000Z","address1":"배송지우편번호","address2":"배송지주소","address3":"배송지상세주소","receiverName":"받는사람","receiverPhone":"받는사람연락처","createdAt":"2022-02-25T04:15:27.770Z","updatedAt":"2022-02-25T05:37:20.897Z","deletedAt":null}
2022-02-25 14:37:55.345[info] (userorder.info.result) {"id":2,"orderNumber":null,"userId":"유저아이디1","orderDate":"2020-02-02T00:00:00.000Z","address1":"배송지우편번호","address2":"배송지주소","address3":"배송지상세주소","receiverName":"받는사람","receiverPhone":"받는사람연락처","createdAt":"2022-02-25T04:15:27.770Z","updatedAt":"2022-02-25T05:37:20.897Z","deletedAt":null}
2022-02-25 14:38:43.393[info] (userorder.list.params) {}
2022-02-25 14:38:43.507[debug] (userorderService.list) {"count":8,"rows":[{"id":9,"orderNumber":null,"userId":"유저아이디4","orderDate":"2020-02-24T00:00:00.000Z","address1":"배송지우편번호","address2":"배송지주소","address3":"배송지상세주소","receiverName":"받는사람","receiverPhone":"받는사람연락처","createdAt":"2022-02-25T04:15:51.576Z","updatedAt":"2022-02-25T05:37:52.408Z","deletedAt":null},{"id":8,"orderNumber":null,"userId":"유저아이디3","orderDate":"2020-02-02T00:00:00.000Z","address1":"배송지우편번호","address2":"배송지주소","address3":"배송지상세주소","receiverName":"받는사람","receiverPhone":"받는사람연락처","createdAt":"2022-02-25T04:15:48.247Z","updatedAt":"2022-02-25T04:15:48.247Z","deletedAt":null},{"id":7,"orderNumber":null,"userId":"유저아이디1","orderDate":"2020-02-02T00:00:00.000Z","address1":"배송지우편번호","address2":"배송지주소","address3":"배송지상세주소","receiverName":"받는사람","receiverPhone":"받는사람연락처","createdAt":"2022-02-25T04:15:45.086Z","updatedAt":"2022-02-25T05:37:20.897Z","deletedAt":null},{"id":6,"orderNumber":null,"userId":"유저아이디1","orderDate":"2020-02-02T00:00:00.000Z","address1":"배송지우편번호","address2":"배송지주소","address3":"배송지상세주소","receiverName":"받는사람","receiverPhone":"받는사람연락처","createdAt":"2022-02-25T04:15:41.541Z","updatedAt":"2022-02-25T05:37:20.897Z","deletedAt":null},{"id":5,"orderNumber":null,"userId":"유저아이디4","orderDate":"2020-02-24T00:00:00.000Z","address1":"배송지우편번호","address2":"배송지주소","address3":"배송지상세주소","receiverName":"받는사람","receiverPhone":"받는사람연락처","createdAt":"2022-02-25T04:15:37.718Z","updatedAt":"2022-02-25T05:37:52.408Z","deletedAt":null},{"id":4,"orderNumber":null,"userId":"유저아이디3","orderDate":"2020-02-02T00:00:00.000Z","address1":"배송지우편번호","address2":"배송지주소","address3":"배송지상세주소","receiverName":"받는사람","receiverPhone":"받는사람연락처","createdAt":"2022-02-25T04:15:34.752Z","updatedAt":"2022-02-25T04:15:34.752Z","deletedAt":null},{"id":3,"orderNumber":null,"userId":"유저아이디2","orderDate":"2020-02-02T00:00:00.000Z","address1":"배송지우편번호","address2":"배송지주소","address3":"배송지상세주소","receiverName":"받는사람","receiverPhone":"받는사람연락처","createdAt":"2022-02-25T04:15:32.026Z","updatedAt":"2022-02-25T04:15:32.026Z","deletedAt":null},{"id":2,"orderNumber":null,"userId":"유저아이디1","orderDate":"2020-02-02T00:00:00.000Z","address1":"배송지우편번호","address2":"배송지주소","address3":"배송지상세주소","receiverName":"받는사람","receiverPhone":"받는사람연락처","createdAt":"2022-02-25T04:15:27.770Z","updatedAt":"2022-02-25T05:37:20.897Z","deletedAt":null}]}
2022-02-25 14:38:43.513[info] (userorder.list.result) {"count":8,"rows":[{"id":9,"orderNumber":null,"userId":"유저아이디4","orderDate":"2020-02-24T00:00:00.000Z","address1":"배송지우편번호","address2":"배송지주소","address3":"배송지상세주소","receiverName":"받는사람","receiverPhone":"받는사람연락처","createdAt":"2022-02-25T04:15:51.576Z","updatedAt":"2022-02-25T05:37:52.408Z","deletedAt":null},{"id":8,"orderNumber":null,"userId":"유저아이디3","orderDate":"2020-02-02T00:00:00.000Z","address1":"배송지우편번호","address2":"배송지주소","address3":"배송지상세주소","receiverName":"받는사람","receiverPhone":"받는사람연락처","createdAt":"2022-02-25T04:15:48.247Z","updatedAt":"2022-02-25T04:15:48.247Z","deletedAt":null},{"id":7,"orderNumber":null,"userId":"유저아이디1","orderDate":"2020-02-02T00:00:00.000Z","address1":"배송지우편번호","address2":"배송지주소","address3":"배송지상세주소","receiverName":"받는사람","receiverPhone":"받는사람연락처","createdAt":"2022-02-25T04:15:45.086Z","updatedAt":"2022-02-25T05:37:20.897Z","deletedAt":null},{"id":6,"orderNumber":null,"userId":"유저아이디1","orderDate":"2020-02-02T00:00:00.000Z","address1":"배송지우편번호","address2":"배송지주소","address3":"배송지상세주소","receiverName":"받는사람","receiverPhone":"받는사람연락처","createdAt":"2022-02-25T04:15:41.541Z","updatedAt":"2022-02-25T05:37:20.897Z","deletedAt":null},{"id":5,"orderNumber":null,"userId":"유저아이디4","orderDate":"2020-02-24T00:00:00.000Z","address1":"배송지우편번호","address2":"배송지주소","address3":"배송지상세주소","receiverName":"받는사람","receiverPhone":"받는사람연락처","createdAt":"2022-02-25T04:15:37.718Z","updatedAt":"2022-02-25T05:37:52.408Z","deletedAt":null},{"id":4,"orderNumber":null,"userId":"유저아이디3","orderDate":"2020-02-02T00:00:00.000Z","address1":"배송지우편번호","address2":"배송지주소","address3":"배송지상세주소","receiverName":"받는사람","receiverPhone":"받는사람연락처","createdAt":"2022-02-25T04:15:34.752Z","updatedAt":"2022-02-25T04:15:34.752Z","deletedAt":null},{"id":3,"orderNumber":null,"userId":"유저아이디2","orderDate":"2020-02-02T00:00:00.000Z","address1":"배송지우편번호","address2":"배송지주소","address3":"배송지상세주소","receiverName":"받는사람","receiverPhone":"받는사람연락처","createdAt":"2022-02-25T04:15:32.026Z","updatedAt":"2022-02-25T04:15:32.026Z","deletedAt":null},{"id":2,"orderNumber":null,"userId":"유저아이디1","orderDate":"2020-02-02T00:00:00.000Z","address1":"배송지우편번호","address2":"배송지주소","address3":"배송지상세주소","receiverName":"받는사람","receiverPhone":"받는사람연락처","createdAt":"2022-02-25T04:15:27.770Z","updatedAt":"2022-02-25T05:37:20.897Z","deletedAt":null}]}
2022-02-25 14:38:58.534[info] (userorder.info.params) {"id":"2"}
2022-02-25 14:38:58.600[debug] (userorderService.info) {"id":2,"orderNumber":null,"userId":"유저아이디1","orderDate":"2020-02-02T00:00:00.000Z","address1":"배송지우편번호","address2":"배송지주소","address3":"배송지상세주소","receiverName":"받는사람","receiverPhone":"받는사람연락처","createdAt":"2022-02-25T04:15:27.770Z","updatedAt":"2022-02-25T05:37:20.897Z","deletedAt":null}
2022-02-25 14:38:58.602[info] (userorder.info.result) {"id":2,"orderNumber":null,"userId":"유저아이디1","orderDate":"2020-02-02T00:00:00.000Z","address1":"배송지우편번호","address2":"배송지주소","address3":"배송지상세주소","receiverName":"받는사람","receiverPhone":"받는사람연락처","createdAt":"2022-02-25T04:15:27.770Z","updatedAt":"2022-02-25T05:37:20.897Z","deletedAt":null}
2022-02-25 14:39:16.994[info] (userorder.info.params) {"id":"2"}
2022-02-25 14:39:17.068[debug] (userorderService.info) {"id":2,"orderNumber":null,"userId":"유저아이디1","orderDate":"2020-02-02T00:00:00.000Z","address1":"배송지우편번호","address2":"배송지주소","address3":"배송지상세주소","receiverName":"받는사람","receiverPhone":"받는사람연락처","createdAt":"2022-02-25T04:15:27.770Z","updatedAt":"2022-02-25T05:37:20.897Z","deletedAt":null}
2022-02-25 14:39:17.070[info] (userorder.info.result) {"id":2,"orderNumber":null,"userId":"유저아이디1","orderDate":"2020-02-02T00:00:00.000Z","address1":"배송지우편번호","address2":"배송지주소","address3":"배송지상세주소","receiverName":"받는사람","receiverPhone":"받는사람연락처","createdAt":"2022-02-25T04:15:27.770Z","updatedAt":"2022-02-25T05:37:20.897Z","deletedAt":null}
2022-02-25 14:39:37.515[info] (userorder.list.params) {}
2022-02-25 14:39:37.614[debug] (userorderService.list) {"count":8,"rows":[{"id":9,"orderNumber":null,"userId":"유저아이디4","orderDate":"2020-02-24T00:00:00.000Z","address1":"배송지우편번호","address2":"배송지주소","address3":"배송지상세주소","receiverName":"받는사람","receiverPhone":"받는사람연락처","createdAt":"2022-02-25T04:15:51.576Z","updatedAt":"2022-02-25T05:37:52.408Z","deletedAt":null},{"id":8,"orderNumber":null,"userId":"유저아이디3","orderDate":"2020-02-02T00:00:00.000Z","address1":"배송지우편번호","address2":"배송지주소","address3":"배송지상세주소","receiverName":"받는사람","receiverPhone":"받는사람연락처","createdAt":"2022-02-25T04:15:48.247Z","updatedAt":"2022-02-25T04:15:48.247Z","deletedAt":null},{"id":7,"orderNumber":null,"userId":"유저아이디1","orderDate":"2020-02-02T00:00:00.000Z","address1":"배송지우편번호","address2":"배송지주소","address3":"배송지상세주소","receiverName":"받는사람","receiverPhone":"받는사람연락처","createdAt":"2022-02-25T04:15:45.086Z","updatedAt":"2022-02-25T05:37:20.897Z","deletedAt":null},{"id":6,"orderNumber":null,"userId":"유저아이디1","orderDate":"2020-02-02T00:00:00.000Z","address1":"배송지우편번호","address2":"배송지주소","address3":"배송지상세주소","receiverName":"받는사람","receiverPhone":"받는사람연락처","createdAt":"2022-02-25T04:15:41.541Z","updatedAt":"2022-02-25T05:37:20.897Z","deletedAt":null},{"id":5,"orderNumber":null,"userId":"유저아이디4","orderDate":"2020-02-24T00:00:00.000Z","address1":"배송지우편번호","address2":"배송지주소","address3":"배송지상세주소","receiverName":"받는사람","receiverPhone":"받는사람연락처","createdAt":"2022-02-25T04:15:37.718Z","updatedAt":"2022-02-25T05:37:52.408Z","deletedAt":null},{"id":4,"orderNumber":null,"userId":"유저아이디3","orderDate":"2020-02-02T00:00:00.000Z","address1":"배송지우편번호","address2":"배송지주소","address3":"배송지상세주소","receiverName":"받는사람","receiverPhone":"받는사람연락처","createdAt":"2022-02-25T04:15:34.752Z","updatedAt":"2022-02-25T04:15:34.752Z","deletedAt":null},{"id":3,"orderNumber":null,"userId":"유저아이디2","orderDate":"2020-02-02T00:00:00.000Z","address1":"배송지우편번호","address2":"배송지주소","address3":"배송지상세주소","receiverName":"받는사람","receiverPhone":"받는사람연락처","createdAt":"2022-02-25T04:15:32.026Z","updatedAt":"2022-02-25T04:15:32.026Z","deletedAt":null},{"id":2,"orderNumber":null,"userId":"유저아이디1","orderDate":"2020-02-02T00:00:00.000Z","address1":"배송지우편번호","address2":"배송지주소","address3":"배송지상세주소","receiverName":"받는사람","receiverPhone":"받는사람연락처","createdAt":"2022-02-25T04:15:27.770Z","updatedAt":"2022-02-25T05:37:20.897Z","deletedAt":null}]}
2022-02-25 14:39:37.620[info] (userorder.list.result) {"count":8,"rows":[{"id":9,"orderNumber":null,"userId":"유저아이디4","orderDate":"2020-02-24T00:00:00.000Z","address1":"배송지우편번호","address2":"배송지주소","address3":"배송지상세주소","receiverName":"받는사람","receiverPhone":"받는사람연락처","createdAt":"2022-02-25T04:15:51.576Z","updatedAt":"2022-02-25T05:37:52.408Z","deletedAt":null},{"id":8,"orderNumber":null,"userId":"유저아이디3","orderDate":"2020-02-02T00:00:00.000Z","address1":"배송지우편번호","address2":"배송지주소","address3":"배송지상세주소","receiverName":"받는사람","receiverPhone":"받는사람연락처","createdAt":"2022-02-25T04:15:48.247Z","updatedAt":"2022-02-25T04:15:48.247Z","deletedAt":null},{"id":7,"orderNumber":null,"userId":"유저아이디1","orderDate":"2020-02-02T00:00:00.000Z","address1":"배송지우편번호","address2":"배송지주소","address3":"배송지상세주소","receiverName":"받는사람","receiverPhone":"받는사람연락처","createdAt":"2022-02-25T04:15:45.086Z","updatedAt":"2022-02-25T05:37:20.897Z","deletedAt":null},{"id":6,"orderNumber":null,"userId":"유저아이디1","orderDate":"2020-02-02T00:00:00.000Z","address1":"배송지우편번호","address2":"배송지주소","address3":"배송지상세주소","receiverName":"받는사람","receiverPhone":"받는사람연락처","createdAt":"2022-02-25T04:15:41.541Z","updatedAt":"2022-02-25T05:37:20.897Z","deletedAt":null},{"id":5,"orderNumber":null,"userId":"유저아이디4","orderDate":"2020-02-24T00:00:00.000Z","address1":"배송지우편번호","address2":"배송지주소","address3":"배송지상세주소","receiverName":"받는사람","receiverPhone":"받는사람연락처","createdAt":"2022-02-25T04:15:37.718Z","updatedAt":"2022-02-25T05:37:52.408Z","deletedAt":null},{"id":4,"orderNumber":null,"userId":"유저아이디3","orderDate":"2020-02-02T00:00:00.000Z","address1":"배송지우편번호","address2":"배송지주소","address3":"배송지상세주소","receiverName":"받는사람","receiverPhone":"받는사람연락처","createdAt":"2022-02-25T04:15:34.752Z","updatedAt":"2022-02-25T04:15:34.752Z","deletedAt":null},{"id":3,"orderNumber":null,"userId":"유저아이디2","orderDate":"2020-02-02T00:00:00.000Z","address1":"배송지우편번호","address2":"배송지주소","address3":"배송지상세주소","receiverName":"받는사람","receiverPhone":"받는사람연락처","createdAt":"2022-02-25T04:15:32.026Z","updatedAt":"2022-02-25T04:15:32.026Z","deletedAt":null},{"id":2,"orderNumber":null,"userId":"유저아이디1","orderDate":"2020-02-02T00:00:00.000Z","address1":"배송지우편번호","address2":"배송지주소","address3":"배송지상세주소","receiverName":"받는사람","receiverPhone":"받는사람연락처","createdAt":"2022-02-25T04:15:27.770Z","updatedAt":"2022-02-25T05:37:20.897Z","deletedAt":null}]}
2022-02-25 14:39:52.920[info] (userorder.info.params) {"id":"2"}
2022-02-25 14:39:52.986[debug] (userorderService.info) {"id":2,"orderNumber":null,"userId":"유저아이디1","orderDate":"2020-02-02T00:00:00.000Z","address1":"배송지우편번호","address2":"배송지주소","address3":"배송지상세주소","receiverName":"받는사람","receiverPhone":"받는사람연락처","createdAt":"2022-02-25T04:15:27.770Z","updatedAt":"2022-02-25T05:37:20.897Z","deletedAt":null}
2022-02-25 14:39:52.989[info] (userorder.info.result) {"id":2,"orderNumber":null,"userId":"유저아이디1","orderDate":"2020-02-02T00:00:00.000Z","address1":"배송지우편번호","address2":"배송지주소","address3":"배송지상세주소","receiverName":"받는사람","receiverPhone":"받는사람연락처","createdAt":"2022-02-25T04:15:27.770Z","updatedAt":"2022-02-25T05:37:20.897Z","deletedAt":null}
2022-02-25 14:39:55.572[info] (userorder.list.params) {}
2022-02-25 14:39:55.577[debug] (userorderService.list) {"count":8,"rows":[{"id":9,"orderNumber":null,"userId":"유저아이디4","orderDate":"2020-02-24T00:00:00.000Z","address1":"배송지우편번호","address2":"배송지주소","address3":"배송지상세주소","receiverName":"받는사람","receiverPhone":"받는사람연락처","createdAt":"2022-02-25T04:15:51.576Z","updatedAt":"2022-02-25T05:37:52.408Z","deletedAt":null},{"id":8,"orderNumber":null,"userId":"유저아이디3","orderDate":"2020-02-02T00:00:00.000Z","address1":"배송지우편번호","address2":"배송지주소","address3":"배송지상세주소","receiverName":"받는사람","receiverPhone":"받는사람연락처","createdAt":"2022-02-25T04:15:48.247Z","updatedAt":"2022-02-25T04:15:48.247Z","deletedAt":null},{"id":7,"orderNumber":null,"userId":"유저아이디1","orderDate":"2020-02-02T00:00:00.000Z","address1":"배송지우편번호","address2":"배송지주소","address3":"배송지상세주소","receiverName":"받는사람","receiverPhone":"받는사람연락처","createdAt":"2022-02-25T04:15:45.086Z","updatedAt":"2022-02-25T05:37:20.897Z","deletedAt":null},{"id":6,"orderNumber":null,"userId":"유저아이디1","orderDate":"2020-02-02T00:00:00.000Z","address1":"배송지우편번호","address2":"배송지주소","address3":"배송지상세주소","receiverName":"받는사람","receiverPhone":"받는사람연락처","createdAt":"2022-02-25T04:15:41.541Z","updatedAt":"2022-02-25T05:37:20.897Z","deletedAt":null},{"id":5,"orderNumber":null,"userId":"유저아이디4","orderDate":"2020-02-24T00:00:00.000Z","address1":"배송지우편번호","address2":"배송지주소","address3":"배송지상세주소","receiverName":"받는사람","receiverPhone":"받는사람연락처","createdAt":"2022-02-25T04:15:37.718Z","updatedAt":"2022-02-25T05:37:52.408Z","deletedAt":null},{"id":4,"orderNumber":null,"userId":"유저아이디3","orderDate":"2020-02-02T00:00:00.000Z","address1":"배송지우편번호","address2":"배송지주소","address3":"배송지상세주소","receiverName":"받는사람","receiverPhone":"받는사람연락처","createdAt":"2022-02-25T04:15:34.752Z","updatedAt":"2022-02-25T04:15:34.752Z","deletedAt":null},{"id":3,"orderNumber":null,"userId":"유저아이디2","orderDate":"2020-02-02T00:00:00.000Z","address1":"배송지우편번호","address2":"배송지주소","address3":"배송지상세주소","receiverName":"받는사람","receiverPhone":"받는사람연락처","createdAt":"2022-02-25T04:15:32.026Z","updatedAt":"2022-02-25T04:15:32.026Z","deletedAt":null},{"id":2,"orderNumber":null,"userId":"유저아이디1","orderDate":"2020-02-02T00:00:00.000Z","address1":"배송지우편번호","address2":"배송지주소","address3":"배송지상세주소","receiverName":"받는사람","receiverPhone":"받는사람연락처","createdAt":"2022-02-25T04:15:27.770Z","updatedAt":"2022-02-25T05:37:20.897Z","deletedAt":null}]}
2022-02-25 14:39:55.583[info] (userorder.list.result) {"count":8,"rows":[{"id":9,"orderNumber":null,"userId":"유저아이디4","orderDate":"2020-02-24T00:00:00.000Z","address1":"배송지우편번호","address2":"배송지주소","address3":"배송지상세주소","receiverName":"받는사람","receiverPhone":"받는사람연락처","createdAt":"2022-02-25T04:15:51.576Z","updatedAt":"2022-02-25T05:37:52.408Z","deletedAt":null},{"id":8,"orderNumber":null,"userId":"유저아이디3","orderDate":"2020-02-02T00:00:00.000Z","address1":"배송지우편번호","address2":"배송지주소","address3":"배송지상세주소","receiverName":"받는사람","receiverPhone":"받는사람연락처","createdAt":"2022-02-25T04:15:48.247Z","updatedAt":"2022-02-25T04:15:48.247Z","deletedAt":null},{"id":7,"orderNumber":null,"userId":"유저아이디1","orderDate":"2020-02-02T00:00:00.000Z","address1":"배송지우편번호","address2":"배송지주소","address3":"배송지상세주소","receiverName":"받는사람","receiverPhone":"받는사람연락처","createdAt":"2022-02-25T04:15:45.086Z","updatedAt":"2022-02-25T05:37:20.897Z","deletedAt":null},{"id":6,"orderNumber":null,"userId":"유저아이디1","orderDate":"2020-02-02T00:00:00.000Z","address1":"배송지우편번호","address2":"배송지주소","address3":"배송지상세주소","receiverName":"받는사람","receiverPhone":"받는사람연락처","createdAt":"2022-02-25T04:15:41.541Z","updatedAt":"2022-02-25T05:37:20.897Z","deletedAt":null},{"id":5,"orderNumber":null,"userId":"유저아이디4","orderDate":"2020-02-24T00:00:00.000Z","address1":"배송지우편번호","address2":"배송지주소","address3":"배송지상세주소","receiverName":"받는사람","receiverPhone":"받는사람연락처","createdAt":"2022-02-25T04:15:37.718Z","updatedAt":"2022-02-25T05:37:52.408Z","deletedAt":null},{"id":4,"orderNumber":null,"userId":"유저아이디3","orderDate":"2020-02-02T00:00:00.000Z","address1":"배송지우편번호","address2":"배송지주소","address3":"배송지상세주소","receiverName":"받는사람","receiverPhone":"받는사람연락처","createdAt":"2022-02-25T04:15:34.752Z","updatedAt":"2022-02-25T04:15:34.752Z","deletedAt":null},{"id":3,"orderNumber":null,"userId":"유저아이디2","orderDate":"2020-02-02T00:00:00.000Z","address1":"배송지우편번호","address2":"배송지주소","address3":"배송지상세주소","receiverName":"받는사람","receiverPhone":"받는사람연락처","createdAt":"2022-02-25T04:15:32.026Z","updatedAt":"2022-02-25T04:15:32.026Z","deletedAt":null},{"id":2,"orderNumber":null,"userId":"유저아이디1","orderDate":"2020-02-02T00:00:00.000Z","address1":"배송지우편번호","address2":"배송지주소","address3":"배송지상세주소","receiverName":"받는사람","receiverPhone":"받는사람연락처","createdAt":"2022-02-25T04:15:27.770Z","updatedAt":"2022-02-25T05:37:20.897Z","deletedAt":null}]}
2022-02-25 14:42:40.913[info] (userorder.delete.params) {"id":"2"}
2022-02-25 14:42:40.970[debug] (userorderService.delete) {"deletedCount":1}
2022-02-25 14:42:40.971[info] (userorder.delete.result) {"deletedCount":1}
