2022-02-22 09:18:02.926[info] DB connection success
2022-02-22 09:18:02.950[info] Sequelize sync success
2022-02-22 10:04:32.168[info] DB connection success
2022-02-22 10:04:32.208[info] Sequelize sync success
2022-02-22 10:58:02.617[info] DB connection success
2022-02-22 10:58:02.637[info] Sequelize sync success
2022-02-22 10:59:53.494[info] (product.reg.params) {}
2022-02-22 10:59:53.496[error] Error: Not allowed null (name)
2022-02-22 10:59:53.503[error] (productService.reg) SequelizeValidationError: notNull Violation: Product.productNumber cannot be null,
notNull Violation: Product.categoryCode cannot be null,
notNull Violation: Product.productName cannot be null,
notNull Violation: Product.productPrice cannot be null,
notNull Violation: Product.productStock cannot be null,
notNull Violation: Product.productDesc cannot be null,
notNull Violation: Product.productDate cannot be null,
notNull Violation: Product.productHits cannot be null
2022-02-22 10:59:59.985[info] (product.reg.params) {}
2022-02-22 10:59:59.986[error] Error: Not allowed null (name)
2022-02-22 10:59:59.989[error] (productService.reg) SequelizeValidationError: notNull Violation: Product.productNumber cannot be null,
notNull Violation: Product.categoryCode cannot be null,
notNull Violation: Product.productName cannot be null,
notNull Violation: Product.productPrice cannot be null,
notNull Violation: Product.productStock cannot be null,
notNull Violation: Product.productDesc cannot be null,
notNull Violation: Product.productDate cannot be null,
notNull Violation: Product.productHits cannot be null
2022-02-22 11:00:00.837[info] (product.reg.params) {}
2022-02-22 11:00:00.838[error] Error: Not allowed null (name)
2022-02-22 11:00:00.840[error] (productService.reg) SequelizeValidationError: notNull Violation: Product.productNumber cannot be null,
notNull Violation: Product.categoryCode cannot be null,
notNull Violation: Product.productName cannot be null,
notNull Violation: Product.productPrice cannot be null,
notNull Violation: Product.productStock cannot be null,
notNull Violation: Product.productDesc cannot be null,
notNull Violation: Product.productDate cannot be null,
notNull Violation: Product.productHits cannot be null
2022-02-22 11:03:06.088[info] DB connection success
2022-02-22 11:03:06.108[info] Sequelize sync success
2022-02-22 11:03:12.533[info] DB connection success
2022-02-22 11:03:12.553[info] Sequelize sync success
2022-02-22 11:03:17.563[info] DB connection success
2022-02-22 11:03:17.585[info] Sequelize sync success
2022-02-22 11:06:51.038[info] DB connection success
2022-02-22 11:06:51.061[info] Sequelize sync success
2022-02-22 11:08:02.116[info] DB connection success
2022-02-22 11:08:02.134[info] Sequelize sync success
2022-02-22 11:10:36.237[info] DB connection success
2022-02-22 11:10:36.254[info] Sequelize sync success
2022-02-22 11:11:12.689[info] DB connection success
2022-02-22 11:11:12.709[info] Sequelize sync success
2022-02-22 11:11:22.693[info] DB connection success
2022-02-22 11:11:22.739[info] Sequelize sync success
2022-02-22 11:11:35.350[info] DB connection success
2022-02-22 11:11:35.379[info] Sequelize sync success
2022-02-22 11:11:47.898[info] DB connection success
2022-02-22 11:11:47.926[info] Sequelize sync success
2022-02-22 11:12:13.015[info] DB connection success
2022-02-22 11:12:13.039[info] Sequelize sync success
2022-02-22 11:16:32.199[info] DB connection success
2022-02-22 11:16:32.251[info] Sequelize sync success
2022-02-22 13:14:14.827[info] DB connection success
2022-02-22 13:14:14.862[info] Sequelize sync success
2022-02-22 13:19:58.095[info] DB connection success
2022-02-22 13:19:58.147[info] Sequelize sync success
2022-02-22 13:29:15.251[info] DB connection success
2022-02-22 13:29:15.309[info] Sequelize sync success
2022-02-22 13:30:40.037[info] DB connection success
2022-02-22 13:30:40.079[info] Sequelize sync success
2022-02-22 14:45:55.881[info] DB connection success
2022-02-22 14:45:55.960[info] Sequelize sync success
2022-02-22 14:51:47.739[error] This message is error
2022-02-22 14:51:47.742[warn] This message is warn
2022-02-22 14:51:47.744[info] This message is info
2022-02-22 14:51:47.747[verbose] This message is verbose
2022-02-22 14:51:47.748[debug] This message is debug
2022-02-22 15:04:19.454[info] DB connection success
2022-02-22 15:04:19.495[info] Sequelize sync success
2022-02-22 15:04:39.860[info] DB connection success
2022-02-22 15:04:39.941[info] Sequelize sync success
2022-02-22 15:05:14.646[info] DB connection success
2022-02-22 15:05:14.690[info] Sequelize sync success
2022-02-22 15:05:28.867[info] DB connection success
2022-02-22 15:05:28.908[info] Sequelize sync success
2022-02-22 15:06:11.161[info] DB connection success
2022-02-22 15:06:11.215[info] Sequelize sync success
2022-02-22 15:07:37.101[info] (product.reg.params) {"productNumber":"001","categoryCode":"T-shrit","productName":"shrit001","productPrice":"5000","productStock":"30","productDesc":"dev","productDate":"2020-02-02","productHits":"100"}
2022-02-22 15:07:37.200[debug] (productService.reg) {"productNumber":1,"categoryCode":"T-shrit","productName":"shrit001","productPrice":5000,"productStock":30,"productDesc":"dev","productDate":"2020-02-02T00:00:00.000Z","productHits":100,"updatedAt":"2022-02-22T06:07:37.105Z","createdAt":"2022-02-22T06:07:37.105Z","deletedAt":null,"ProductCategoryCategoryCode":null}
2022-02-22 15:07:37.201[info] (product.reg.result) {"productNumber":1,"categoryCode":"T-shrit","productName":"shrit001","productPrice":5000,"productStock":30,"productDesc":"dev","productDate":"2020-02-02T00:00:00.000Z","productHits":100,"updatedAt":"2022-02-22T06:07:37.105Z","createdAt":"2022-02-22T06:07:37.105Z","deletedAt":null,"ProductCategoryCategoryCode":null}
